<?xml version="1.0" encoding="UTF-8"?>
<!-- Generated by org.testng.reporters.JUnitXMLReporter -->
<testsuite ignored="6" hostname="MacBookPro" failures="0" tests="0" time="0.003" errors="0" timestamp="2026-02-15T15:57:41 IST">
  <testcase classname="com.api.automation.tests.endpoints.restfulapi.ObjectPostTests" name="testCreateAppleMacBookPro16" time="0.0">
    <ignored/>
  </testcase> <!-- testCreateAppleMacBookPro16 -->
  <testcase classname="com.api.automation.tests.endpoints.restfulapi.ObjectPostTests" name="testCreateObjectResponseStructure" time="0.0">
    <ignored/>
  </testcase> <!-- testCreateObjectResponseStructure -->
  <testcase classname="com.api.automation.tests.endpoints.restfulapi.ObjectPostTests" name="testCreateObject" time="0.0">
    <ignored/>
  </testcase> <!-- testCreateObject -->
  <testcase classname="com.api.automation.tests.endpoints.restfulapi.ObjectPostTests" name="testCreateObjectWithMinimalData" time="0.0">
    <ignored/>
  </testcase> <!-- testCreateObjectWithMinimalData -->
  <testcase classname="com.api.automation.tests.endpoints.restfulapi.ObjectPostTests" name="testCreateObjectPerformance" time="0.0">
    <ignored/>
  </testcase> <!-- testCreateObjectPerformance -->
  <testcase classname="com.api.automation.tests.endpoints.restfulapi.ObjectPostTests" name="testCreateMultipleObjects" time="0.0">
    <ignored/>
  </testcase> <!-- testCreateMultipleObjects -->
</testsuite>
