<?xml version="1.0" encoding="UTF-8"?>
<!-- Generated by org.testng.reporters.JUnitXMLReporter -->
<testsuite ignored="0" hostname="MacBookPro" failures="1" tests="21" name="Post API Tests" time="8.894" errors="0" timestamp="2026-02-15T15:57:41 IST">
  <testcase classname="com.api.automation.tests.jsonplaceholder.PostTests" name="testGetAllPosts" time="0.498"/>
  <testcase classname="com.api.automation.tests.jsonplaceholder.PostTests" name="testGetPostById" time="0.406"/>
  <testcase classname="com.api.automation.tests.jsonplaceholder.PostTests" name="testGetPostById" time="0.526"/>
  <testcase classname="com.api.automation.tests.jsonplaceholder.PostTests" name="testGetPostById" time="0.388"/>
  <testcase classname="com.api.automation.tests.jsonplaceholder.PostTests" name="testGetPostById" time="0.289"/>
  <testcase classname="com.api.automation.tests.jsonplaceholder.PostTests" name="testGetPostById" time="0.415"/>
  <testcase classname="com.api.automation.tests.jsonplaceholder.PostTests" name="testGetPostAsObject" time="0.288"/>
  <testcase classname="com.api.automation.tests.jsonplaceholder.PostTests" name="testGetPostAsObject" time="0.315"/>
  <testcase classname="com.api.automation.tests.jsonplaceholder.PostTests" name="testGetPostAsObject" time="0.438"/>
  <testcase classname="com.api.automation.tests.jsonplaceholder.PostTests" name="testGetPostAsObject" time="0.298"/>
  <testcase classname="com.api.automation.tests.jsonplaceholder.PostTests" name="testGetPostAsObject" time="0.279"/>
  <testcase classname="com.api.automation.tests.jsonplaceholder.PostTests" name="testGetPostsByUserId" time="0.514"/>
  <testcase classname="com.api.automation.tests.jsonplaceholder.PostTests" name="testGetPostsByUserId" time="0.313"/>
  <testcase classname="com.api.automation.tests.jsonplaceholder.PostTests" name="testGetPostsByUserId" time="0.448"/>
  <testcase classname="com.api.automation.tests.jsonplaceholder.PostTests" name="testGetPostsByUserId" time="0.443"/>
  <testcase classname="com.api.automation.tests.jsonplaceholder.PostTests" name="testGetPostsByUserId" time="0.358"/>
  <testcase classname="com.api.automation.tests.jsonplaceholder.PostTests" name="testCreatePost" time="0.601"/>
  <testcase classname="com.api.automation.tests.jsonplaceholder.PostTests" name="testUpdatePost" time="0.588"/>
  <testcase classname="com.api.automation.tests.jsonplaceholder.PostTests" name="testPatchPost" time="0.533">
    <failure type="java.lang.AssertionError" message="1 expectation failed.
JSON path id doesn&amp;apos;t match.
Expected: &amp;lt;1&amp;gt;
  Actual: null
">
      <![CDATA[java.lang.AssertionError: 1 expectation failed.
JSON path id doesn't match.
Expected: <1>
  Actual: null

at org.codehaus.groovy.runtime.callsite.ConstructorSite$ConstructorSiteNoUnwrapNoCoerce.callConstructor(ConstructorSite.java:108)
at org.codehaus.groovy.runtime.callsite.AbstractCallSite.callConstructor(AbstractCallSite.java:277)
at io.restassured.internal.ResponseSpecificationImpl$HamcrestAssertionClosure.validate(ResponseSpecificationImpl.groovy:512)
at io.restassured.internal.ResponseSpecificationImpl$HamcrestAssertionClosure$validate$1.call(Unknown Source)
at io.restassured.internal.ResponseSpecificationImpl.validateResponseIfRequired(ResponseSpecificationImpl.groovy:696)
at io.restassured.internal.ResponseSpecificationImpl.this$2$validateResponseIfRequired(ResponseSpecificationImpl.groovy)
at org.codehaus.groovy.runtime.callsite.PlainObjectMetaMethodSite.doInvoke(PlainObjectMetaMethodSite.java:43)
at org.codehaus.groovy.runtime.callsite.PogoMetaMethodSite$PogoCachedMethodSiteNoUnwrapNoCoerce.invoke(PogoMetaMethodSite.java:198)
at org.codehaus.groovy.runtime.callsite.PogoMetaMethodSite.callCurrent(PogoMetaMethodSite.java:62)
at org.codehaus.groovy.runtime.callsite.AbstractCallSite.callCurrent(AbstractCallSite.java:185)
at io.restassured.internal.ResponseSpecificationImpl.body(ResponseSpecificationImpl.groovy:270)
at io.restassured.specification.ResponseSpecification$body$1.callCurrent(Unknown Source)
at io.restassured.internal.ResponseSpecificationImpl.body(ResponseSpecificationImpl.groovy:117)
at io.restassured.internal.ValidatableResponseOptionsImpl.body(ValidatableResponseOptionsImpl.java:244)
at com.api.automation.tests.jsonplaceholder.PostTests.testPatchPost(PostTests.java:195)
at java.base/java.util.ArrayList.forEach(ArrayList.java:1596)
... Removed 35 stack frames]]>
    </failure>
  </testcase> <!-- testPatchPost -->
  <testcase classname="com.api.automation.tests.jsonplaceholder.PostTests" name="testDeletePost" time="0.593"/>
  <testcase classname="com.api.automation.tests.jsonplaceholder.PostTests" name="testGetAllPostsAsArray" time="0.315"/>
</testsuite> <!-- Post API Tests -->
