<?xml version="1.0" encoding="UTF-8"?>
<!-- Generated by org.testng.reporters.JUnitXMLReporter -->
<testsuite ignored="0" hostname="MacBookPro" failures="1" tests="16" name="User API Tests" time="9.296" errors="0" timestamp="2026-02-15T15:57:32 IST">
  <testcase classname="com.api.automation.tests.jsonplaceholder.UserTests" name="testGetAllUsers" time="1.565"/>
  <testcase classname="com.api.automation.tests.jsonplaceholder.UserTests" name="testGetUserById" time="0.649"/>
  <testcase classname="com.api.automation.tests.jsonplaceholder.UserTests" name="testGetUserById" time="0.716"/>
  <testcase classname="com.api.automation.tests.jsonplaceholder.UserTests" name="testGetUserById" time="0.314"/>
  <testcase classname="com.api.automation.tests.jsonplaceholder.UserTests" name="testGetUserById" time="0.404"/>
  <testcase classname="com.api.automation.tests.jsonplaceholder.UserTests" name="testGetUserById" time="0.414"/>
  <testcase classname="com.api.automation.tests.jsonplaceholder.UserTests" name="testGetUserAsObject" time="0.661"/>
  <testcase classname="com.api.automation.tests.jsonplaceholder.UserTests" name="testGetUserAsObject" time="0.535"/>
  <testcase classname="com.api.automation.tests.jsonplaceholder.UserTests" name="testGetUserAsObject" time="0.341"/>
  <testcase classname="com.api.automation.tests.jsonplaceholder.UserTests" name="testGetUserAsObject" time="0.38"/>
  <testcase classname="com.api.automation.tests.jsonplaceholder.UserTests" name="testGetUserAsObject" time="0.334"/>
  <testcase classname="com.api.automation.tests.jsonplaceholder.UserTests" name="testCreateUser" time="0.611"/>
  <testcase classname="com.api.automation.tests.jsonplaceholder.UserTests" name="testUpdateUser" time="0.514"/>
  <testcase classname="com.api.automation.tests.jsonplaceholder.UserTests" name="testPatchUser" time="0.525">
    <failure type="java.lang.AssertionError" message="1 expectation failed.
JSON path id doesn&amp;apos;t match.
Expected: &amp;lt;1&amp;gt;
  Actual: null
">
      <![CDATA[java.lang.AssertionError: 1 expectation failed.
JSON path id doesn't match.
Expected: <1>
  Actual: null

at org.codehaus.groovy.runtime.callsite.ConstructorSite$ConstructorSiteNoUnwrapNoCoerce.callConstructor(ConstructorSite.java:108)
at org.codehaus.groovy.runtime.callsite.CallSiteArray.defaultCallConstructor(CallSiteArray.java:57)
at org.codehaus.groovy.runtime.callsite.AbstractCallSite.callConstructor(AbstractCallSite.java:263)
at org.codehaus.groovy.runtime.callsite.AbstractCallSite.callConstructor(AbstractCallSite.java:277)
at io.restassured.internal.ResponseSpecificationImpl$HamcrestAssertionClosure.validate(ResponseSpecificationImpl.groovy:512)
at io.restassured.internal.ResponseSpecificationImpl$HamcrestAssertionClosure$validate$1.call(Unknown Source)
at io.restassured.internal.ResponseSpecificationImpl.validateResponseIfRequired(ResponseSpecificationImpl.groovy:696)
at io.restassured.internal.ResponseSpecificationImpl.this$2$validateResponseIfRequired(ResponseSpecificationImpl.groovy)
at org.codehaus.groovy.runtime.callsite.PlainObjectMetaMethodSite.doInvoke(PlainObjectMetaMethodSite.java:43)
at org.codehaus.groovy.runtime.callsite.PogoMetaMethodSite$PogoCachedMethodSiteNoUnwrapNoCoerce.invoke(PogoMetaMethodSite.java:198)
at org.codehaus.groovy.runtime.callsite.PogoMetaMethodSite.callCurrent(PogoMetaMethodSite.java:62)
at org.codehaus.groovy.runtime.callsite.AbstractCallSite.callCurrent(AbstractCallSite.java:185)
at io.restassured.internal.ResponseSpecificationImpl.body(ResponseSpecificationImpl.groovy:270)
at io.restassured.specification.ResponseSpecification$body$1.callCurrent(Unknown Source)
at io.restassured.internal.ResponseSpecificationImpl.body(ResponseSpecificationImpl.groovy:117)
at io.restassured.internal.ValidatableResponseOptionsImpl.body(ValidatableResponseOptionsImpl.java:244)
at com.api.automation.tests.jsonplaceholder.UserTests.testPatchUser(UserTests.java:178)
at java.base/java.util.ArrayList.forEach(ArrayList.java:1596)
... Removed 35 stack frames]]>
    </failure>
  </testcase> <!-- testPatchUser -->
  <testcase classname="com.api.automation.tests.jsonplaceholder.UserTests" name="testDeleteUser" time="0.571"/>
  <testcase classname="com.api.automation.tests.jsonplaceholder.UserTests" name="testGetAllUsersAsArray" time="0.322"/>
</testsuite> <!-- User API Tests -->
