<?xml version="1.0" encoding="UTF-8"?>
<!-- Generated by org.testng.reporters.JUnitXMLReporter -->
<testsuite ignored="0" hostname="192.168.1.2" failures="1" tests="21" name="Surefire test" time="10.685" errors="0" timestamp="2026-01-08T00:54:53 IST">
  <testcase classname="com.api.automation.tests.jsonplaceholder.PostTests" name="testGetAllPosts" time="1.213"/>
  <testcase classname="com.api.automation.tests.jsonplaceholder.PostTests" name="testGetPostById" time="0.216"/>
  <testcase classname="com.api.automation.tests.jsonplaceholder.PostTests" name="testGetPostById" time="0.215"/>
  <testcase classname="com.api.automation.tests.jsonplaceholder.PostTests" name="testGetPostById" time="0.194"/>
  <testcase classname="com.api.automation.tests.jsonplaceholder.PostTests" name="testGetPostById" time="0.205"/>
  <testcase classname="com.api.automation.tests.jsonplaceholder.PostTests" name="testGetPostById" time="0.192"/>
  <testcase classname="com.api.automation.tests.jsonplaceholder.PostTests" name="testGetPostAsObject" time="0.302"/>
  <testcase classname="com.api.automation.tests.jsonplaceholder.PostTests" name="testGetPostAsObject" time="0.195"/>
  <testcase classname="com.api.automation.tests.jsonplaceholder.PostTests" name="testGetPostAsObject" time="0.165"/>
  <testcase classname="com.api.automation.tests.jsonplaceholder.PostTests" name="testGetPostAsObject" time="0.189"/>
  <testcase classname="com.api.automation.tests.jsonplaceholder.PostTests" name="testGetPostAsObject" time="0.164"/>
  <testcase classname="com.api.automation.tests.jsonplaceholder.PostTests" name="testGetPostsByUserId" time="0.935"/>
  <testcase classname="com.api.automation.tests.jsonplaceholder.PostTests" name="testGetPostsByUserId" time="0.888"/>
  <testcase classname="com.api.automation.tests.jsonplaceholder.PostTests" name="testGetPostsByUserId" time="0.881"/>
  <testcase classname="com.api.automation.tests.jsonplaceholder.PostTests" name="testGetPostsByUserId" time="0.944"/>
  <testcase classname="com.api.automation.tests.jsonplaceholder.PostTests" name="testGetPostsByUserId" time="0.923"/>
  <testcase classname="com.api.automation.tests.jsonplaceholder.PostTests" name="testCreatePost" time="0.43"/>
  <testcase classname="com.api.automation.tests.jsonplaceholder.PostTests" name="testUpdatePost" time="0.911"/>
  <testcase classname="com.api.automation.tests.jsonplaceholder.PostTests" name="testPatchPost" time="0.424">
    <failure type="java.lang.AssertionError" message="1 expectation failed.
JSON path id doesn&amp;apos;t match.
Expected: &amp;lt;1&amp;gt;
  Actual: null
">
      <![CDATA[java.lang.AssertionError: 1 expectation failed.
JSON path id doesn't match.
Expected: <1>
  Actual: null

at org.codehaus.groovy.runtime.callsite.ConstructorSite$ConstructorSiteNoUnwrapNoCoerce.callConstructor(ConstructorSite.java:108)
at org.codehaus.groovy.runtime.callsite.CallSiteArray.defaultCallConstructor(CallSiteArray.java:57)
at org.codehaus.groovy.runtime.callsite.AbstractCallSite.callConstructor(AbstractCallSite.java:263)
at org.codehaus.groovy.runtime.callsite.AbstractCallSite.callConstructor(AbstractCallSite.java:277)
at io.restassured.internal.ResponseSpecificationImpl$HamcrestAssertionClosure.validate(ResponseSpecificationImpl.groovy:512)
at io.restassured.internal.ResponseSpecificationImpl$HamcrestAssertionClosure$validate$1.call(Unknown Source)
at io.restassured.internal.ResponseSpecificationImpl.validateResponseIfRequired(ResponseSpecificationImpl.groovy:696)
at io.restassured.internal.ResponseSpecificationImpl.this$2$validateResponseIfRequired(ResponseSpecificationImpl.groovy)
at org.codehaus.groovy.runtime.callsite.PlainObjectMetaMethodSite.doInvoke(PlainObjectMetaMethodSite.java:43)
at org.codehaus.groovy.runtime.callsite.PogoMetaMethodSite$PogoCachedMethodSiteNoUnwrapNoCoerce.invoke(PogoMetaMethodSite.java:198)
at org.codehaus.groovy.runtime.callsite.PogoMetaMethodSite.callCurrent(PogoMetaMethodSite.java:62)
at org.codehaus.groovy.runtime.callsite.AbstractCallSite.callCurrent(AbstractCallSite.java:185)
at io.restassured.internal.ResponseSpecificationImpl.body(ResponseSpecificationImpl.groovy:270)
at io.restassured.specification.ResponseSpecification$body$1.callCurrent(Unknown Source)
at io.restassured.internal.ResponseSpecificationImpl.body(ResponseSpecificationImpl.groovy:117)
at io.restassured.internal.ValidatableResponseOptionsImpl.body(ValidatableResponseOptionsImpl.java:244)
at com.api.automation.tests.jsonplaceholder.PostTests.testPatchPost(PostTests.java:195)
at java.base/java.util.ArrayList.forEach(ArrayList.java:1596)
... Removed 36 stack frames]]>
    </failure>
  </testcase> <!-- testPatchPost -->
  <testcase classname="com.api.automation.tests.jsonplaceholder.PostTests" name="testDeletePost" time="0.458"/>
  <testcase classname="com.api.automation.tests.jsonplaceholder.PostTests" name="testGetAllPostsAsArray" time="0.219"/>
</testsuite> <!-- Surefire test -->
