<?xml version="1.0" encoding="UTF-8"?>
<testsuite xmlns:xsi="http://www.w3.org/2001/XMLSchema-instance" xsi:noNamespaceSchemaLocation="https://maven.apache.org/surefire/maven-surefire-plugin/xsd/surefire-test-report-3.0.xsd" version="3.0" name="com.api.automation.dataproviders.DataProvidersIntegrationTest" time="0.715" tests="27" errors="0" skipped="0" failures="0">
  <properties>
[...]
</properties>
  <testcase name="testWithDependencyInjection[org.testng.TestRunner@1477089c](1)" classname="com.api.automation.dataproviders.DataProvidersIntegrationTest" time="0.067">
    <system-out><![CDATA[00:46:06.274 [main] INFO  c.a.a.d.DataProvidersIntegrationTest - Testing with Dependency Injection
00:46:06.277 [main] INFO  c.a.a.d.DataProvidersIntegrationTest - Stored and retrieved from context: injected@example.com
]]></system-out>
  </testcase>
  <testcase name="testWithEnums" classname="com.api.automation.dataproviders.DataProvidersIntegrationTest" time="0.004">
    <system-out><![CDATA[00:46:06.317 [main] INFO  c.a.a.d.DataProvidersIntegrationTest - Testing with Enum - Role: ADMIN, Email: admin@example.com
00:46:06.317 [main] INFO  c.a.a.d.DataProvidersIntegrationTest - Testing with Enum - Role: MODERATOR, Email: moderator@example.com
00:46:06.317 [main] INFO  c.a.a.d.DataProvidersIntegrationTest - Testing with Enum - Role: USER, Email: user@example.com
00:46:06.317 [main] INFO  c.a.a.d.DataProvidersIntegrationTest - Testing with Enum - Role: GUEST, Email: guest@example.com
]]></system-out>
  </testcase>
  <testcase name="testWithEnvironmentVariables" classname="com.api.automation.dataproviders.DataProvidersIntegrationTest" time="0.002">
    <system-out><![CDATA[00:46:06.320 [main] INFO  c.a.a.d.DataProvidersIntegrationTest - Testing with Environment Variables - API Key: [MASKED], Base URL: https://api.example.com
]]></system-out>
  </testcase>
  <testcase name="testWithJsonData[admin@example.com, adminPassword123, Admin User, ADMIN](1)" classname="com.api.automation.dataproviders.DataProvidersIntegrationTest" time="0.005">
    <system-out><![CDATA[00:46:06.322 [main] INFO  c.a.a.d.DataProvidersIntegrationTest - Loading JSON data provider
00:46:06.338 [main] INFO  c.a.a.d.DataProvidersIntegrationTest - Loaded 4 records from JSON file
00:46:06.343 [main] INFO  c.a.a.d.DataProvidersIntegrationTest - Testing with JSON Data - Email: admin@example.com, Name: Admin User, Role: ADMIN
]]></system-out>
  </testcase>
  <testcase name="testWithJsonData[user@example.com, userPassword123, John Doe, USER](2)" classname="com.api.automation.dataproviders.DataProvidersIntegrationTest" time="0.002">
    <system-out><![CDATA[00:46:06.346 [main] INFO  c.a.a.d.DataProvidersIntegrationTest - Testing with JSON Data - Email: user@example.com, Name: John Doe, Role: USER
]]></system-out>
  </testcase>
  <testcase name="testWithJsonData[moderator@example.com, modPassword123, Jane Smith, MODERATOR](3)" classname="com.api.automation.dataproviders.DataProvidersIntegrationTest" time="0.002">
    <system-out><![CDATA[00:46:06.349 [main] INFO  c.a.a.d.DataProvidersIntegrationTest - Testing with JSON Data - Email: moderator@example.com, Name: Jane Smith, Role: MODERATOR
]]></system-out>
  </testcase>
  <testcase name="testWithJsonData[guest@example.com, guestPassword123, Bob Johnson, GUEST](4)" classname="com.api.automation.dataproviders.DataProvidersIntegrationTest" time="0.002">
    <system-out><![CDATA[00:46:06.351 [main] INFO  c.a.a.d.DataProvidersIntegrationTest - Testing with JSON Data - Email: guest@example.com, Name: Bob Johnson, Role: GUEST
]]></system-out>
  </testcase>
  <testcase name="testWithSimpleDataProvider[admin@example.com, adminPassword123, ADMIN](1)" classname="com.api.automation.dataproviders.DataProvidersIntegrationTest" time="0.002">
    <system-out><![CDATA[00:46:06.352 [main] INFO  c.a.a.d.DataProvidersIntegrationTest - Loading simpleCredentials data provider
00:46:06.354 [main] INFO  c.a.a.d.DataProvidersIntegrationTest - Testing with Data Provider - Email: admin@example.com, Role: ADMIN
]]></system-out>
  </testcase>
  <testcase name="testWithSimpleDataProvider[user@example.com, userPassword123, USER](2)" classname="com.api.automation.dataproviders.DataProvidersIntegrationTest" time="0.001">
    <system-out><![CDATA[00:46:06.356 [main] INFO  c.a.a.d.DataProvidersIntegrationTest - Testing with Data Provider - Email: user@example.com, Role: USER
]]></system-out>
  </testcase>
  <testcase name="testWithSimpleDataProvider[guest@example.com, guestPassword123, GUEST](3)" classname="com.api.automation.dataproviders.DataProvidersIntegrationTest" time="0.002">
    <system-out><![CDATA[00:46:06.358 [main] INFO  c.a.a.d.DataProvidersIntegrationTest - Testing with Data Provider - Email: guest@example.com, Role: GUEST
]]></system-out>
  </testcase>
  <testcase name="testWithUserObjects[com.api.automation.dataproviders.DataProvidersIntegrationTest$TestUser@62fad19](1)" classname="com.api.automation.dataproviders.DataProvidersIntegrationTest" time="0.001">
    <system-out><![CDATA[00:46:06.359 [main] INFO  c.a.a.d.DataProvidersIntegrationTest - Loading userObjects data provider
00:46:06.360 [main] INFO  c.a.a.d.DataProvidersIntegrationTest - Testing with User Object - Email: admin@example.com, Name: Admin User
]]></system-out>
  </testcase>
  <testcase name="testWithUserObjects[com.api.automation.dataproviders.DataProvidersIntegrationTest$TestUser@74cadd41](2)" classname="com.api.automation.dataproviders.DataProvidersIntegrationTest" time="0.001">
    <system-out><![CDATA[00:46:06.362 [main] INFO  c.a.a.d.DataProvidersIntegrationTest - Testing with User Object - Email: user@example.com, Name: John Doe
]]></system-out>
  </testcase>
  <testcase name="testWithUserObjects[com.api.automation.dataproviders.DataProvidersIntegrationTest$TestUser@55e8ec2f](3)" classname="com.api.automation.dataproviders.DataProvidersIntegrationTest" time="0.002">
    <system-out><![CDATA[00:46:06.364 [main] INFO  c.a.a.d.DataProvidersIntegrationTest - Testing with User Object - Email: moderator@example.com, Name: Jane Smith
]]></system-out>
  </testcase>
  <testcase name="testWithBuilderPattern" classname="com.api.automation.dataproviders.DataProvidersIntegrationTest" time="0.001">
    <system-out><![CDATA[00:46:06.366 [main] INFO  c.a.a.d.DataProvidersIntegrationTest - Testing with Builder Pattern
00:46:06.366 [main] INFO  c.a.a.d.DataProvidersIntegrationTest - Built user with Builder - Admin: admin@example.com, Regular User: user@example.com
]]></system-out>
  </testcase>
  <testcase name="testWithConstants" classname="com.api.automation.dataproviders.DataProvidersIntegrationTest" time="0.001">
    <system-out><![CDATA[00:46:06.368 [main] INFO  c.a.a.d.DataProvidersIntegrationTest - Testing with Constants - Admin: admin@example.com, Endpoint: /users
]]></system-out>
  </testcase>
  <testcase name="testWithCsvData[admin@example.com, adminPassword123, ADMIN, true](1)" classname="com.api.automation.dataproviders.DataProvidersIntegrationTest" time="0.002">
    <system-out><![CDATA[00:46:06.369 [main] INFO  c.a.a.d.DataProvidersIntegrationTest - Loading CSV data provider
00:46:06.370 [main] INFO  c.a.a.d.DataProvidersIntegrationTest - Loaded 7 records from CSV file
00:46:06.372 [main] INFO  c.a.a.d.DataProvidersIntegrationTest - Testing with CSV Data - Email: admin@example.com, Role: ADMIN, Enabled: true
]]></system-out>
  </testcase>
  <testcase name="testWithCsvData[user@example.com, userPassword123, USER, true](2)" classname="com.api.automation.dataproviders.DataProvidersIntegrationTest" time="0.002">
    <system-out><![CDATA[00:46:06.375 [main] INFO  c.a.a.d.DataProvidersIntegrationTest - Testing with CSV Data - Email: user@example.com, Role: USER, Enabled: true
]]></system-out>
  </testcase>
  <testcase name="testWithCsvData[moderator@example.com, modPassword123, MODERATOR, true](3)" classname="com.api.automation.dataproviders.DataProvidersIntegrationTest" time="0.002">
    <system-out><![CDATA[00:46:06.377 [main] INFO  c.a.a.d.DataProvidersIntegrationTest - Testing with CSV Data - Email: moderator@example.com, Role: MODERATOR, Enabled: true
]]></system-out>
  </testcase>
  <testcase name="testWithCsvData[guest@example.com, guestPassword123, GUEST, false](4)" classname="com.api.automation.dataproviders.DataProvidersIntegrationTest" time="0.002">
    <system-out><![CDATA[00:46:06.379 [main] INFO  c.a.a.d.DataProvidersIntegrationTest - Testing with CSV Data - Email: guest@example.com, Role: GUEST, Enabled: false
]]></system-out>
  </testcase>
  <testcase name="testWithCsvData[test1@example.com, testPass123, USER, true](5)" classname="com.api.automation.dataproviders.DataProvidersIntegrationTest" time="0.002">
    <system-out><![CDATA[00:46:06.380 [main] INFO  c.a.a.d.DataProvidersIntegrationTest - Testing with CSV Data - Email: test1@example.com, Role: USER, Enabled: true
]]></system-out>
  </testcase>
  <testcase name="testWithCsvData[test2@example.com, testPass456, USER, true](6)" classname="com.api.automation.dataproviders.DataProvidersIntegrationTest" time="0.002">
    <system-out><![CDATA[00:46:06.382 [main] INFO  c.a.a.d.DataProvidersIntegrationTest - Testing with CSV Data - Email: test2@example.com, Role: USER, Enabled: true
]]></system-out>
  </testcase>
  <testcase name="testWithCsvData[invalid@example.com, wrongpass, USER, false](7)" classname="com.api.automation.dataproviders.DataProvidersIntegrationTest" time="0.001">
    <system-out><![CDATA[00:46:06.384 [main] INFO  c.a.a.d.DataProvidersIntegrationTest - Testing with CSV Data - Email: invalid@example.com, Role: USER, Enabled: false
]]></system-out>
  </testcase>
  <testcase name="testWithPropertiesFile" classname="com.api.automation.dataproviders.DataProvidersIntegrationTest" time="0.002">
    <system-out><![CDATA[00:46:06.386 [main] INFO  c.a.a.d.DataProvidersIntegrationTest - Testing with Properties File - Username: admin@example.com, API URL: https://api.example.com
]]></system-out>
  </testcase>
  <testcase name="testWithSystemProperties" classname="com.api.automation.dataproviders.DataProvidersIntegrationTest" time="0.002">
    <system-out><![CDATA[00:46:06.388 [main] INFO  c.a.a.d.DataProvidersIntegrationTest - Testing with System Properties - Email: test@example.com, Environment: dev
]]></system-out>
  </testcase>
  <testcase name="testWithXmlParameters[default@example.com, defaultPass](1)" classname="com.api.automation.dataproviders.DataProvidersIntegrationTest" time="0.003">
    <system-out><![CDATA[00:46:06.393 [main] INFO  c.a.a.d.DataProvidersIntegrationTest - Testing with XML Parameters - Email: default@example.com
]]></system-out>
  </testcase>
  <testcase name="testContextStoreData[org.testng.TestRunner@1477089c](1)" classname="com.api.automation.dataproviders.DataProvidersIntegrationTest" time="0.002">
    <system-out><![CDATA[00:46:06.395 [main] INFO  c.a.a.d.DataProvidersIntegrationTest - Test 1: Storing data in test context
]]></system-out>
  </testcase>
  <testcase name="testContextRetrieveData[org.testng.TestRunner@1477089c](1)" classname="com.api.automation.dataproviders.DataProvidersIntegrationTest" time="0.002">
    <system-out><![CDATA[00:46:06.398 [main] INFO  c.a.a.d.DataProvidersIntegrationTest - Test 2: Retrieving data from test context
00:46:06.398 [main] INFO  c.a.a.d.DataProvidersIntegrationTest - Retrieved from context - User: sharedUser@example.com, Password: [MASKED]
]]></system-out>
  </testcase>
</testsuite>