<?xml version="1.0" encoding="UTF-8"?>
<testng-results ignored="0" total="21" passed="20" failed="1" skipped="0">
  <reporter-output>
  </reporter-output>
  <suite started-at="2026-01-08T00:54:43 IST" name="Surefire suite" finished-at="2026-01-08T00:54:53 IST" duration-ms="10685">
    <groups>
    </groups>
    <test started-at="2026-01-08T00:54:43 IST" name="Surefire test" finished-at="2026-01-08T00:54:53 IST" duration-ms="10685">
      <class name="com.api.automation.tests.jsonplaceholder.PostTests">
        <test-method is-config="true" signature="setUp()[pri:0, instance:com.api.automation.tests.jsonplaceholder.PostTests@740d2e78]" started-at="2026-01-08T00:54:43 IST" name="setUp" finished-at="2026-01-08T00:54:43 IST" duration-ms="312" status="PASS">
          <reporter-output>
          </reporter-output>
        </test-method> <!-- setUp -->
        <test-method is-config="true" signature="setUpPostTests()[pri:0, instance:com.api.automation.tests.jsonplaceholder.PostTests@740d2e78]" started-at="2026-01-08T00:54:43 IST" name="setUpPostTests" finished-at="2026-01-08T00:54:43 IST" duration-ms="4" status="PASS">
          <reporter-output>
          </reporter-output>
        </test-method> <!-- setUpPostTests -->
        <test-method is-config="true" signature="setUpSoftAssert()[pri:0, instance:com.api.automation.tests.jsonplaceholder.PostTests@740d2e78]" started-at="2026-01-08T00:54:43 IST" name="setUpSoftAssert" finished-at="2026-01-08T00:54:43 IST" duration-ms="1" status="PASS">
          <reporter-output>
          </reporter-output>
        </test-method> <!-- setUpSoftAssert -->
        <test-method signature="testGetAllPosts()[pri:1, instance:com.api.automation.tests.jsonplaceholder.PostTests@740d2e78]" started-at="2026-01-08T00:54:43 IST" name="testGetAllPosts" description="Verify getting all posts" finished-at="2026-01-08T00:54:44 IST" duration-ms="1213" status="PASS">
          <reporter-output>
          </reporter-output>
        </test-method> <!-- testGetAllPosts -->
        <test-method is-config="true" signature="setUpSoftAssert()[pri:0, instance:com.api.automation.tests.jsonplaceholder.PostTests@740d2e78]" started-at="2026-01-08T00:54:44 IST" name="setUpSoftAssert" finished-at="2026-01-08T00:54:44 IST" duration-ms="0" status="PASS">
          <reporter-output>
          </reporter-output>
        </test-method> <!-- setUpSoftAssert -->
        <test-method signature="testGetPostById(int)[pri:2, instance:com.api.automation.tests.jsonplaceholder.PostTests@740d2e78]" started-at="2026-01-08T00:54:44 IST" name="testGetPostById" description="Verify getting a specific post by ID" data-provider="postIds" finished-at="2026-01-08T00:54:44 IST" duration-ms="216" status="PASS">
          <params>
            <param index="0">
              <value>
                <![CDATA[1]]>
              </value>
            </param>
          </params>
          <reporter-output>
          </reporter-output>
        </test-method> <!-- testGetPostById -->
        <test-method is-config="true" signature="setUpSoftAssert()[pri:0, instance:com.api.automation.tests.jsonplaceholder.PostTests@740d2e78]" started-at="2026-01-08T00:54:44 IST" name="setUpSoftAssert" finished-at="2026-01-08T00:54:44 IST" duration-ms="0" status="PASS">
          <reporter-output>
          </reporter-output>
        </test-method> <!-- setUpSoftAssert -->
        <test-method signature="testGetPostById(int)[pri:2, instance:com.api.automation.tests.jsonplaceholder.PostTests@740d2e78]" started-at="2026-01-08T00:54:44 IST" name="testGetPostById" description="Verify getting a specific post by ID" data-provider="postIds" finished-at="2026-01-08T00:54:45 IST" duration-ms="215" status="PASS">
          <params>
            <param index="0">
              <value>
                <![CDATA[2]]>
              </value>
            </param>
          </params>
          <reporter-output>
          </reporter-output>
        </test-method> <!-- testGetPostById -->
        <test-method signature="testGetPostById(int)[pri:2, instance:com.api.automation.tests.jsonplaceholder.PostTests@740d2e78]" started-at="2026-01-08T00:54:45 IST" name="testGetPostById" description="Verify getting a specific post by ID" data-provider="postIds" finished-at="2026-01-08T00:54:45 IST" duration-ms="194" status="PASS">
          <params>
            <param index="0">
              <value>
                <![CDATA[5]]>
              </value>
            </param>
          </params>
          <reporter-output>
          </reporter-output>
        </test-method> <!-- testGetPostById -->
        <test-method is-config="true" signature="setUpSoftAssert()[pri:0, instance:com.api.automation.tests.jsonplaceholder.PostTests@740d2e78]" started-at="2026-01-08T00:54:45 IST" name="setUpSoftAssert" finished-at="2026-01-08T00:54:45 IST" duration-ms="0" status="PASS">
          <reporter-output>
          </reporter-output>
        </test-method> <!-- setUpSoftAssert -->
        <test-method is-config="true" signature="setUpSoftAssert()[pri:0, instance:com.api.automation.tests.jsonplaceholder.PostTests@740d2e78]" started-at="2026-01-08T00:54:45 IST" name="setUpSoftAssert" finished-at="2026-01-08T00:54:45 IST" duration-ms="0" status="PASS">
          <reporter-output>
          </reporter-output>
        </test-method> <!-- setUpSoftAssert -->
        <test-method signature="testGetPostById(int)[pri:2, instance:com.api.automation.tests.jsonplaceholder.PostTests@740d2e78]" started-at="2026-01-08T00:54:45 IST" name="testGetPostById" description="Verify getting a specific post by ID" data-provider="postIds" finished-at="2026-01-08T00:54:45 IST" duration-ms="205" status="PASS">
          <params>
            <param index="0">
              <value>
                <![CDATA[10]]>
              </value>
            </param>
          </params>
          <reporter-output>
          </reporter-output>
        </test-method> <!-- testGetPostById -->
        <test-method signature="testGetPostById(int)[pri:2, instance:com.api.automation.tests.jsonplaceholder.PostTests@740d2e78]" started-at="2026-01-08T00:54:45 IST" name="testGetPostById" description="Verify getting a specific post by ID" data-provider="postIds" finished-at="2026-01-08T00:54:45 IST" duration-ms="192" status="PASS">
          <params>
            <param index="0">
              <value>
                <![CDATA[50]]>
              </value>
            </param>
          </params>
          <reporter-output>
          </reporter-output>
        </test-method> <!-- testGetPostById -->
        <test-method is-config="true" signature="setUpSoftAssert()[pri:0, instance:com.api.automation.tests.jsonplaceholder.PostTests@740d2e78]" started-at="2026-01-08T00:54:45 IST" name="setUpSoftAssert" finished-at="2026-01-08T00:54:45 IST" duration-ms="0" status="PASS">
          <reporter-output>
          </reporter-output>
        </test-method> <!-- setUpSoftAssert -->
        <test-method signature="testGetPostAsObject(int)[pri:3, instance:com.api.automation.tests.jsonplaceholder.PostTests@740d2e78]" started-at="2026-01-08T00:54:45 IST" name="testGetPostAsObject" description="Verify getting post as object" data-provider="postIds" finished-at="2026-01-08T00:54:45 IST" duration-ms="302" status="PASS">
          <params>
            <param index="0">
              <value>
                <![CDATA[1]]>
              </value>
            </param>
          </params>
          <reporter-output>
          </reporter-output>
        </test-method> <!-- testGetPostAsObject -->
        <test-method is-config="true" signature="setUpSoftAssert()[pri:0, instance:com.api.automation.tests.jsonplaceholder.PostTests@740d2e78]" started-at="2026-01-08T00:54:45 IST" name="setUpSoftAssert" finished-at="2026-01-08T00:54:45 IST" duration-ms="0" status="PASS">
          <reporter-output>
          </reporter-output>
        </test-method> <!-- setUpSoftAssert -->
        <test-method is-config="true" signature="setUpSoftAssert()[pri:0, instance:com.api.automation.tests.jsonplaceholder.PostTests@740d2e78]" started-at="2026-01-08T00:54:45 IST" name="setUpSoftAssert" finished-at="2026-01-08T00:54:45 IST" duration-ms="0" status="PASS">
          <reporter-output>
          </reporter-output>
        </test-method> <!-- setUpSoftAssert -->
        <test-method signature="testGetPostAsObject(int)[pri:3, instance:com.api.automation.tests.jsonplaceholder.PostTests@740d2e78]" started-at="2026-01-08T00:54:45 IST" name="testGetPostAsObject" description="Verify getting post as object" data-provider="postIds" finished-at="2026-01-08T00:54:46 IST" duration-ms="195" status="PASS">
          <params>
            <param index="0">
              <value>
                <![CDATA[2]]>
              </value>
            </param>
          </params>
          <reporter-output>
          </reporter-output>
        </test-method> <!-- testGetPostAsObject -->
        <test-method signature="testGetPostAsObject(int)[pri:3, instance:com.api.automation.tests.jsonplaceholder.PostTests@740d2e78]" started-at="2026-01-08T00:54:46 IST" name="testGetPostAsObject" description="Verify getting post as object" data-provider="postIds" finished-at="2026-01-08T00:54:46 IST" duration-ms="165" status="PASS">
          <params>
            <param index="0">
              <value>
                <![CDATA[5]]>
              </value>
            </param>
          </params>
          <reporter-output>
          </reporter-output>
        </test-method> <!-- testGetPostAsObject -->
        <test-method is-config="true" signature="setUpSoftAssert()[pri:0, instance:com.api.automation.tests.jsonplaceholder.PostTests@740d2e78]" started-at="2026-01-08T00:54:46 IST" name="setUpSoftAssert" finished-at="2026-01-08T00:54:46 IST" duration-ms="0" status="PASS">
          <reporter-output>
          </reporter-output>
        </test-method> <!-- setUpSoftAssert -->
        <test-method signature="testGetPostAsObject(int)[pri:3, instance:com.api.automation.tests.jsonplaceholder.PostTests@740d2e78]" started-at="2026-01-08T00:54:46 IST" name="testGetPostAsObject" description="Verify getting post as object" data-provider="postIds" finished-at="2026-01-08T00:54:46 IST" duration-ms="189" status="PASS">
          <params>
            <param index="0">
              <value>
                <![CDATA[10]]>
              </value>
            </param>
          </params>
          <reporter-output>
          </reporter-output>
        </test-method> <!-- testGetPostAsObject -->
        <test-method is-config="true" signature="setUpSoftAssert()[pri:0, instance:com.api.automation.tests.jsonplaceholder.PostTests@740d2e78]" started-at="2026-01-08T00:54:46 IST" name="setUpSoftAssert" finished-at="2026-01-08T00:54:46 IST" duration-ms="0" status="PASS">
          <reporter-output>
          </reporter-output>
        </test-method> <!-- setUpSoftAssert -->
        <test-method is-config="true" signature="setUpSoftAssert()[pri:0, instance:com.api.automation.tests.jsonplaceholder.PostTests@740d2e78]" started-at="2026-01-08T00:54:46 IST" name="setUpSoftAssert" finished-at="2026-01-08T00:54:46 IST" duration-ms="0" status="PASS">
          <reporter-output>
          </reporter-output>
        </test-method> <!-- setUpSoftAssert -->
        <test-method signature="testGetPostAsObject(int)[pri:3, instance:com.api.automation.tests.jsonplaceholder.PostTests@740d2e78]" started-at="2026-01-08T00:54:46 IST" name="testGetPostAsObject" description="Verify getting post as object" data-provider="postIds" finished-at="2026-01-08T00:54:46 IST" duration-ms="164" status="PASS">
          <params>
            <param index="0">
              <value>
                <![CDATA[50]]>
              </value>
            </param>
          </params>
          <reporter-output>
          </reporter-output>
        </test-method> <!-- testGetPostAsObject -->
        <test-method signature="testGetPostsByUserId(int)[pri:4, instance:com.api.automation.tests.jsonplaceholder.PostTests@740d2e78]" started-at="2026-01-08T00:54:46 IST" name="testGetPostsByUserId" description="Verify getting posts by user ID" data-provider="userIds" finished-at="2026-01-08T00:54:47 IST" duration-ms="935" status="PASS">
          <params>
            <param index="0">
              <value>
                <![CDATA[1]]>
              </value>
            </param>
          </params>
          <reporter-output>
          </reporter-output>
        </test-method> <!-- testGetPostsByUserId -->
        <test-method is-config="true" signature="setUpSoftAssert()[pri:0, instance:com.api.automation.tests.jsonplaceholder.PostTests@740d2e78]" started-at="2026-01-08T00:54:46 IST" name="setUpSoftAssert" finished-at="2026-01-08T00:54:46 IST" duration-ms="0" status="PASS">
          <reporter-output>
          </reporter-output>
        </test-method> <!-- setUpSoftAssert -->
        <test-method is-config="true" signature="setUpSoftAssert()[pri:0, instance:com.api.automation.tests.jsonplaceholder.PostTests@740d2e78]" started-at="2026-01-08T00:54:47 IST" name="setUpSoftAssert" finished-at="2026-01-08T00:54:47 IST" duration-ms="0" status="PASS">
          <reporter-output>
          </reporter-output>
        </test-method> <!-- setUpSoftAssert -->
        <test-method signature="testGetPostsByUserId(int)[pri:4, instance:com.api.automation.tests.jsonplaceholder.PostTests@740d2e78]" started-at="2026-01-08T00:54:47 IST" name="testGetPostsByUserId" description="Verify getting posts by user ID" data-provider="userIds" finished-at="2026-01-08T00:54:48 IST" duration-ms="888" status="PASS">
          <params>
            <param index="0">
              <value>
                <![CDATA[2]]>
              </value>
            </param>
          </params>
          <reporter-output>
          </reporter-output>
        </test-method> <!-- testGetPostsByUserId -->
        <test-method is-config="true" signature="setUpSoftAssert()[pri:0, instance:com.api.automation.tests.jsonplaceholder.PostTests@740d2e78]" started-at="2026-01-08T00:54:48 IST" name="setUpSoftAssert" finished-at="2026-01-08T00:54:48 IST" duration-ms="0" status="PASS">
          <reporter-output>
          </reporter-output>
        </test-method> <!-- setUpSoftAssert -->
        <test-method signature="testGetPostsByUserId(int)[pri:4, instance:com.api.automation.tests.jsonplaceholder.PostTests@740d2e78]" started-at="2026-01-08T00:54:48 IST" name="testGetPostsByUserId" description="Verify getting posts by user ID" data-provider="userIds" finished-at="2026-01-08T00:54:49 IST" duration-ms="881" status="PASS">
          <params>
            <param index="0">
              <value>
                <![CDATA[3]]>
              </value>
            </param>
          </params>
          <reporter-output>
          </reporter-output>
        </test-method> <!-- testGetPostsByUserId -->
        <test-method is-config="true" signature="setUpSoftAssert()[pri:0, instance:com.api.automation.tests.jsonplaceholder.PostTests@740d2e78]" started-at="2026-01-08T00:54:49 IST" name="setUpSoftAssert" finished-at="2026-01-08T00:54:49 IST" duration-ms="0" status="PASS">
          <reporter-output>
          </reporter-output>
        </test-method> <!-- setUpSoftAssert -->
        <test-method signature="testGetPostsByUserId(int)[pri:4, instance:com.api.automation.tests.jsonplaceholder.PostTests@740d2e78]" started-at="2026-01-08T00:54:49 IST" name="testGetPostsByUserId" description="Verify getting posts by user ID" data-provider="userIds" finished-at="2026-01-08T00:54:50 IST" duration-ms="944" status="PASS">
          <params>
            <param index="0">
              <value>
                <![CDATA[5]]>
              </value>
            </param>
          </params>
          <reporter-output>
          </reporter-output>
        </test-method> <!-- testGetPostsByUserId -->
        <test-method is-config="true" signature="setUpSoftAssert()[pri:0, instance:com.api.automation.tests.jsonplaceholder.PostTests@740d2e78]" started-at="2026-01-08T00:54:50 IST" name="setUpSoftAssert" finished-at="2026-01-08T00:54:50 IST" duration-ms="0" status="PASS">
          <reporter-output>
          </reporter-output>
        </test-method> <!-- setUpSoftAssert -->
        <test-method signature="testGetPostsByUserId(int)[pri:4, instance:com.api.automation.tests.jsonplaceholder.PostTests@740d2e78]" started-at="2026-01-08T00:54:50 IST" name="testGetPostsByUserId" description="Verify getting posts by user ID" data-provider="userIds" finished-at="2026-01-08T00:54:51 IST" duration-ms="923" status="PASS">
          <params>
            <param index="0">
              <value>
                <![CDATA[10]]>
              </value>
            </param>
          </params>
          <reporter-output>
          </reporter-output>
        </test-method> <!-- testGetPostsByUserId -->
        <test-method is-config="true" signature="setUpSoftAssert()[pri:0, instance:com.api.automation.tests.jsonplaceholder.PostTests@740d2e78]" started-at="2026-01-08T00:54:51 IST" name="setUpSoftAssert" finished-at="2026-01-08T00:54:51 IST" duration-ms="1" status="PASS">
          <reporter-output>
          </reporter-output>
        </test-method> <!-- setUpSoftAssert -->
        <test-method signature="testCreatePost()[pri:5, instance:com.api.automation.tests.jsonplaceholder.PostTests@740d2e78]" started-at="2026-01-08T00:54:51 IST" name="testCreatePost" description="Verify creating a new post" finished-at="2026-01-08T00:54:51 IST" duration-ms="430" status="PASS">
          <reporter-output>
          </reporter-output>
        </test-method> <!-- testCreatePost -->
        <test-method is-config="true" signature="setUpSoftAssert()[pri:0, instance:com.api.automation.tests.jsonplaceholder.PostTests@740d2e78]" started-at="2026-01-08T00:54:51 IST" name="setUpSoftAssert" finished-at="2026-01-08T00:54:51 IST" duration-ms="1" status="PASS">
          <reporter-output>
          </reporter-output>
        </test-method> <!-- setUpSoftAssert -->
        <test-method signature="testUpdatePost()[pri:6, instance:com.api.automation.tests.jsonplaceholder.PostTests@740d2e78]" started-at="2026-01-08T00:54:51 IST" name="testUpdatePost" description="Verify updating a post" finished-at="2026-01-08T00:54:52 IST" duration-ms="911" status="PASS">
          <reporter-output>
          </reporter-output>
        </test-method> <!-- testUpdatePost -->
        <test-method is-config="true" signature="setUpSoftAssert()[pri:0, instance:com.api.automation.tests.jsonplaceholder.PostTests@740d2e78]" started-at="2026-01-08T00:54:52 IST" name="setUpSoftAssert" finished-at="2026-01-08T00:54:52 IST" duration-ms="0" status="PASS">
          <reporter-output>
          </reporter-output>
        </test-method> <!-- setUpSoftAssert -->
        <test-method signature="testPatchPost()[pri:7, instance:com.api.automation.tests.jsonplaceholder.PostTests@740d2e78]" started-at="2026-01-08T00:54:52 IST" name="testPatchPost" description="Verify partially updating a post" finished-at="2026-01-08T00:54:53 IST" duration-ms="424" status="FAIL">
          <exception class="java.lang.AssertionError">
            <message>
              <![CDATA[1 expectation failed.
JSON path id doesn't match.
Expected: <1>
  Actual: null
]]>
            </message>
            <full-stacktrace>
              <![CDATA[java.lang.AssertionError: 1 expectation failed.
JSON path id doesn't match.
Expected: <1>
  Actual: null

at java.base/jdk.internal.reflect.DirectConstructorHandleAccessor.newInstance(DirectConstructorHandleAccessor.java:62)
at java.base/java.lang.reflect.Constructor.newInstanceWithCaller(Constructor.java:502)
at java.base/java.lang.reflect.Constructor.newInstance(Constructor.java:486)
at org.codehaus.groovy.reflection.CachedConstructor.invoke(CachedConstructor.java:73)
at org.codehaus.groovy.runtime.callsite.ConstructorSite$ConstructorSiteNoUnwrapNoCoerce.callConstructor(ConstructorSite.java:108)
at org.codehaus.groovy.runtime.callsite.CallSiteArray.defaultCallConstructor(CallSiteArray.java:57)
at org.codehaus.groovy.runtime.callsite.AbstractCallSite.callConstructor(AbstractCallSite.java:263)
at org.codehaus.groovy.runtime.callsite.AbstractCallSite.callConstructor(AbstractCallSite.java:277)
at io.restassured.internal.ResponseSpecificationImpl$HamcrestAssertionClosure.validate(ResponseSpecificationImpl.groovy:512)
at io.restassured.internal.ResponseSpecificationImpl$HamcrestAssertionClosure$validate$1.call(Unknown Source)
at io.restassured.internal.ResponseSpecificationImpl.validateResponseIfRequired(ResponseSpecificationImpl.groovy:696)
at io.restassured.internal.ResponseSpecificationImpl.this$2$validateResponseIfRequired(ResponseSpecificationImpl.groovy)
at java.base/jdk.internal.reflect.DirectMethodHandleAccessor.invoke(DirectMethodHandleAccessor.java:103)
at java.base/java.lang.reflect.Method.invoke(Method.java:580)
at org.codehaus.groovy.runtime.callsite.PlainObjectMetaMethodSite.doInvoke(PlainObjectMetaMethodSite.java:43)
at org.codehaus.groovy.runtime.callsite.PogoMetaMethodSite$PogoCachedMethodSiteNoUnwrapNoCoerce.invoke(PogoMetaMethodSite.java:198)
at org.codehaus.groovy.runtime.callsite.PogoMetaMethodSite.callCurrent(PogoMetaMethodSite.java:62)
at org.codehaus.groovy.runtime.callsite.AbstractCallSite.callCurrent(AbstractCallSite.java:185)
at io.restassured.internal.ResponseSpecificationImpl.body(ResponseSpecificationImpl.groovy:270)
at io.restassured.specification.ResponseSpecification$body$1.callCurrent(Unknown Source)
at io.restassured.internal.ResponseSpecificationImpl.body(ResponseSpecificationImpl.groovy:117)
at io.restassured.internal.ValidatableResponseOptionsImpl.body(ValidatableResponseOptionsImpl.java:244)
at com.api.automation.tests.jsonplaceholder.PostTests.testPatchPost(PostTests.java:195)
at java.base/jdk.internal.reflect.DirectMethodHandleAccessor.invoke(DirectMethodHandleAccessor.java:103)
at java.base/java.lang.reflect.Method.invoke(Method.java:580)
at org.testng.internal.invokers.MethodInvocationHelper.invokeMethod(MethodInvocationHelper.java:139)
at org.testng.internal.invokers.TestInvoker.invokeMethod(TestInvoker.java:664)
at org.testng.internal.invokers.TestInvoker.invokeTestMethod(TestInvoker.java:228)
at org.testng.internal.invokers.MethodRunner.runInSequence(MethodRunner.java:63)
at org.testng.internal.invokers.TestInvoker$MethodInvocationAgent.invoke(TestInvoker.java:961)
at org.testng.internal.invokers.TestInvoker.invokeTestMethods(TestInvoker.java:201)
at org.testng.internal.invokers.TestMethodWorker.invokeTestMethods(TestMethodWorker.java:148)
at org.testng.internal.invokers.TestMethodWorker.run(TestMethodWorker.java:128)
at java.base/java.util.ArrayList.forEach(ArrayList.java:1596)
at org.testng.TestRunner.privateRun(TestRunner.java:819)
at org.testng.TestRunner.run(TestRunner.java:619)
at org.testng.SuiteRunner.runTest(SuiteRunner.java:443)
at org.testng.SuiteRunner.runSequentially(SuiteRunner.java:437)
at org.testng.SuiteRunner.privateRun(SuiteRunner.java:397)
at org.testng.SuiteRunner.run(SuiteRunner.java:336)
at org.testng.SuiteRunnerWorker.runSuite(SuiteRunnerWorker.java:52)
at org.testng.SuiteRunnerWorker.run(SuiteRunnerWorker.java:95)
at org.testng.TestNG.runSuitesSequentially(TestNG.java:1301)
at org.testng.TestNG.runSuitesLocally(TestNG.java:1228)
at org.testng.TestNG.runSuites(TestNG.java:1134)
at org.testng.TestNG.run(TestNG.java:1101)
at org.apache.maven.surefire.testng.TestNGExecutor.run(TestNGExecutor.java:155)
at org.apache.maven.surefire.testng.TestNGDirectoryTestSuite.executeSingleClass(TestNGDirectoryTestSuite.java:102)
at org.apache.maven.surefire.testng.TestNGDirectoryTestSuite.execute(TestNGDirectoryTestSuite.java:91)
at org.apache.maven.surefire.testng.TestNGProvider.invoke(TestNGProvider.java:137)
at org.apache.maven.surefire.booter.ForkedBooter.runSuitesInProcess(ForkedBooter.java:385)
at org.apache.maven.surefire.booter.ForkedBooter.execute(ForkedBooter.java:162)
at org.apache.maven.surefire.booter.ForkedBooter.run(ForkedBooter.java:507)
at org.apache.maven.surefire.booter.ForkedBooter.main(ForkedBooter.java:495)
]]>
            </full-stacktrace>
          </exception> <!-- java.lang.AssertionError -->
          <reporter-output>
          </reporter-output>
        </test-method> <!-- testPatchPost -->
        <test-method is-config="true" signature="setUpSoftAssert()[pri:0, instance:com.api.automation.tests.jsonplaceholder.PostTests@740d2e78]" started-at="2026-01-08T00:54:53 IST" name="setUpSoftAssert" finished-at="2026-01-08T00:54:53 IST" duration-ms="1" status="PASS">
          <reporter-output>
          </reporter-output>
        </test-method> <!-- setUpSoftAssert -->
        <test-method signature="testDeletePost()[pri:8, instance:com.api.automation.tests.jsonplaceholder.PostTests@740d2e78]" started-at="2026-01-08T00:54:53 IST" name="testDeletePost" description="Verify deleting a post" finished-at="2026-01-08T00:54:53 IST" duration-ms="458" status="PASS">
          <reporter-output>
          </reporter-output>
        </test-method> <!-- testDeletePost -->
        <test-method is-config="true" signature="setUpSoftAssert()[pri:0, instance:com.api.automation.tests.jsonplaceholder.PostTests@740d2e78]" started-at="2026-01-08T00:54:53 IST" name="setUpSoftAssert" finished-at="2026-01-08T00:54:53 IST" duration-ms="1" status="PASS">
          <reporter-output>
          </reporter-output>
        </test-method> <!-- setUpSoftAssert -->
        <test-method signature="testGetAllPostsAsArray()[pri:9, instance:com.api.automation.tests.jsonplaceholder.PostTests@740d2e78]" started-at="2026-01-08T00:54:53 IST" name="testGetAllPostsAsArray" description="Verify getting all posts as array" finished-at="2026-01-08T00:54:53 IST" duration-ms="219" status="PASS">
          <reporter-output>
          </reporter-output>
        </test-method> <!-- testGetAllPostsAsArray -->
        <test-method is-config="true" signature="tearDown()[pri:0, instance:com.api.automation.tests.jsonplaceholder.PostTests@740d2e78]" started-at="2026-01-08T00:54:53 IST" name="tearDown" finished-at="2026-01-08T00:54:53 IST" duration-ms="0" status="PASS">
          <reporter-output>
          </reporter-output>
        </test-method> <!-- tearDown -->
      </class> <!-- com.api.automation.tests.jsonplaceholder.PostTests -->
    </test> <!-- Surefire test -->
  </suite> <!-- Surefire suite -->
</testng-results>
