<?xml version="1.0" encoding="UTF-8"?>
<testng-results ignored="0" total="37" passed="35" failed="2" skipped="0">
  <reporter-output>
  </reporter-output>
  <suite started-at="2026-02-15T15:57:22 IST" name="REST API Test Suite" finished-at="2026-02-15T15:57:41 IST" duration-ms="18281">
    <groups>
    </groups>
    <test started-at="2026-02-15T15:57:22 IST" name="User API Tests" finished-at="2026-02-15T15:57:32 IST" duration-ms="9296">
      <class name="com.api.automation.tests.jsonplaceholder.UserTests">
        <test-method is-config="true" signature="setUp()[pri:0, instance:com.api.automation.tests.jsonplaceholder.UserTests@4ce1d6d0]" started-at="2026-02-15T15:57:22 IST" name="setUp" finished-at="2026-02-15T15:57:23 IST" duration-ms="318" status="PASS">
          <reporter-output>
          </reporter-output>
        </test-method> <!-- setUp -->
        <test-method is-config="true" signature="setUpUserTests()[pri:0, instance:com.api.automation.tests.jsonplaceholder.UserTests@4ce1d6d0]" started-at="2026-02-15T15:57:23 IST" name="setUpUserTests" finished-at="2026-02-15T15:57:23 IST" duration-ms="4" status="PASS">
          <reporter-output>
          </reporter-output>
        </test-method> <!-- setUpUserTests -->
        <test-method is-config="true" signature="setUpSoftAssert()[pri:0, instance:com.api.automation.tests.jsonplaceholder.UserTests@4ce1d6d0]" started-at="2026-02-15T15:57:23 IST" name="setUpSoftAssert" finished-at="2026-02-15T15:57:23 IST" duration-ms="2" status="PASS">
          <reporter-output>
          </reporter-output>
        </test-method> <!-- setUpSoftAssert -->
        <test-method signature="testGetAllUsers()[pri:1, instance:com.api.automation.tests.jsonplaceholder.UserTests@4ce1d6d0]" started-at="2026-02-15T15:57:23 IST" name="testGetAllUsers" description="Verify getting all users" finished-at="2026-02-15T15:57:24 IST" duration-ms="1565" status="PASS">
          <reporter-output>
          </reporter-output>
        </test-method> <!-- testGetAllUsers -->
        <test-method is-config="true" signature="setUpSoftAssert()[pri:0, instance:com.api.automation.tests.jsonplaceholder.UserTests@4ce1d6d0]" started-at="2026-02-15T15:57:24 IST" name="setUpSoftAssert" finished-at="2026-02-15T15:57:24 IST" duration-ms="0" status="PASS">
          <reporter-output>
          </reporter-output>
        </test-method> <!-- setUpSoftAssert -->
        <test-method signature="testGetUserById(int)[pri:2, instance:com.api.automation.tests.jsonplaceholder.UserTests@4ce1d6d0]" started-at="2026-02-15T15:57:24 IST" name="testGetUserById" description="Verify getting a specific user by ID" data-provider="userIds" finished-at="2026-02-15T15:57:25 IST" duration-ms="649" status="PASS">
          <params>
            <param index="0">
              <value>
                <![CDATA[1]]>
              </value>
            </param>
          </params>
          <reporter-output>
          </reporter-output>
        </test-method> <!-- testGetUserById -->
        <test-method is-config="true" signature="setUpSoftAssert()[pri:0, instance:com.api.automation.tests.jsonplaceholder.UserTests@4ce1d6d0]" started-at="2026-02-15T15:57:25 IST" name="setUpSoftAssert" finished-at="2026-02-15T15:57:25 IST" duration-ms="0" status="PASS">
          <reporter-output>
          </reporter-output>
        </test-method> <!-- setUpSoftAssert -->
        <test-method signature="testGetUserById(int)[pri:2, instance:com.api.automation.tests.jsonplaceholder.UserTests@4ce1d6d0]" started-at="2026-02-15T15:57:25 IST" name="testGetUserById" description="Verify getting a specific user by ID" data-provider="userIds" finished-at="2026-02-15T15:57:26 IST" duration-ms="716" status="PASS">
          <params>
            <param index="0">
              <value>
                <![CDATA[2]]>
              </value>
            </param>
          </params>
          <reporter-output>
          </reporter-output>
        </test-method> <!-- testGetUserById -->
        <test-method is-config="true" signature="setUpSoftAssert()[pri:0, instance:com.api.automation.tests.jsonplaceholder.UserTests@4ce1d6d0]" started-at="2026-02-15T15:57:26 IST" name="setUpSoftAssert" finished-at="2026-02-15T15:57:26 IST" duration-ms="0" status="PASS">
          <reporter-output>
          </reporter-output>
        </test-method> <!-- setUpSoftAssert -->
        <test-method signature="testGetUserById(int)[pri:2, instance:com.api.automation.tests.jsonplaceholder.UserTests@4ce1d6d0]" started-at="2026-02-15T15:57:26 IST" name="testGetUserById" description="Verify getting a specific user by ID" data-provider="userIds" finished-at="2026-02-15T15:57:26 IST" duration-ms="314" status="PASS">
          <params>
            <param index="0">
              <value>
                <![CDATA[3]]>
              </value>
            </param>
          </params>
          <reporter-output>
          </reporter-output>
        </test-method> <!-- testGetUserById -->
        <test-method signature="testGetUserById(int)[pri:2, instance:com.api.automation.tests.jsonplaceholder.UserTests@4ce1d6d0]" started-at="2026-02-15T15:57:26 IST" name="testGetUserById" description="Verify getting a specific user by ID" data-provider="userIds" finished-at="2026-02-15T15:57:27 IST" duration-ms="404" status="PASS">
          <params>
            <param index="0">
              <value>
                <![CDATA[5]]>
              </value>
            </param>
          </params>
          <reporter-output>
          </reporter-output>
        </test-method> <!-- testGetUserById -->
        <test-method is-config="true" signature="setUpSoftAssert()[pri:0, instance:com.api.automation.tests.jsonplaceholder.UserTests@4ce1d6d0]" started-at="2026-02-15T15:57:26 IST" name="setUpSoftAssert" finished-at="2026-02-15T15:57:26 IST" duration-ms="0" status="PASS">
          <reporter-output>
          </reporter-output>
        </test-method> <!-- setUpSoftAssert -->
        <test-method is-config="true" signature="setUpSoftAssert()[pri:0, instance:com.api.automation.tests.jsonplaceholder.UserTests@4ce1d6d0]" started-at="2026-02-15T15:57:27 IST" name="setUpSoftAssert" finished-at="2026-02-15T15:57:27 IST" duration-ms="1" status="PASS">
          <reporter-output>
          </reporter-output>
        </test-method> <!-- setUpSoftAssert -->
        <test-method signature="testGetUserById(int)[pri:2, instance:com.api.automation.tests.jsonplaceholder.UserTests@4ce1d6d0]" started-at="2026-02-15T15:57:27 IST" name="testGetUserById" description="Verify getting a specific user by ID" data-provider="userIds" finished-at="2026-02-15T15:57:27 IST" duration-ms="414" status="PASS">
          <params>
            <param index="0">
              <value>
                <![CDATA[10]]>
              </value>
            </param>
          </params>
          <reporter-output>
          </reporter-output>
        </test-method> <!-- testGetUserById -->
        <test-method is-config="true" signature="setUpSoftAssert()[pri:0, instance:com.api.automation.tests.jsonplaceholder.UserTests@4ce1d6d0]" started-at="2026-02-15T15:57:27 IST" name="setUpSoftAssert" finished-at="2026-02-15T15:57:27 IST" duration-ms="1" status="PASS">
          <reporter-output>
          </reporter-output>
        </test-method> <!-- setUpSoftAssert -->
        <test-method signature="testGetUserAsObject(int)[pri:3, instance:com.api.automation.tests.jsonplaceholder.UserTests@4ce1d6d0]" started-at="2026-02-15T15:57:27 IST" name="testGetUserAsObject" description="Verify getting user as object" data-provider="userIds" finished-at="2026-02-15T15:57:28 IST" duration-ms="661" status="PASS">
          <params>
            <param index="0">
              <value>
                <![CDATA[1]]>
              </value>
            </param>
          </params>
          <reporter-output>
          </reporter-output>
        </test-method> <!-- testGetUserAsObject -->
        <test-method is-config="true" signature="setUpSoftAssert()[pri:0, instance:com.api.automation.tests.jsonplaceholder.UserTests@4ce1d6d0]" started-at="2026-02-15T15:57:28 IST" name="setUpSoftAssert" finished-at="2026-02-15T15:57:28 IST" duration-ms="0" status="PASS">
          <reporter-output>
          </reporter-output>
        </test-method> <!-- setUpSoftAssert -->
        <test-method signature="testGetUserAsObject(int)[pri:3, instance:com.api.automation.tests.jsonplaceholder.UserTests@4ce1d6d0]" started-at="2026-02-15T15:57:28 IST" name="testGetUserAsObject" description="Verify getting user as object" data-provider="userIds" finished-at="2026-02-15T15:57:28 IST" duration-ms="535" status="PASS">
          <params>
            <param index="0">
              <value>
                <![CDATA[2]]>
              </value>
            </param>
          </params>
          <reporter-output>
          </reporter-output>
        </test-method> <!-- testGetUserAsObject -->
        <test-method is-config="true" signature="setUpSoftAssert()[pri:0, instance:com.api.automation.tests.jsonplaceholder.UserTests@4ce1d6d0]" started-at="2026-02-15T15:57:28 IST" name="setUpSoftAssert" finished-at="2026-02-15T15:57:28 IST" duration-ms="0" status="PASS">
          <reporter-output>
          </reporter-output>
        </test-method> <!-- setUpSoftAssert -->
        <test-method signature="testGetUserAsObject(int)[pri:3, instance:com.api.automation.tests.jsonplaceholder.UserTests@4ce1d6d0]" started-at="2026-02-15T15:57:28 IST" name="testGetUserAsObject" description="Verify getting user as object" data-provider="userIds" finished-at="2026-02-15T15:57:28 IST" duration-ms="341" status="PASS">
          <params>
            <param index="0">
              <value>
                <![CDATA[3]]>
              </value>
            </param>
          </params>
          <reporter-output>
          </reporter-output>
        </test-method> <!-- testGetUserAsObject -->
        <test-method is-config="true" signature="setUpSoftAssert()[pri:0, instance:com.api.automation.tests.jsonplaceholder.UserTests@4ce1d6d0]" started-at="2026-02-15T15:57:28 IST" name="setUpSoftAssert" finished-at="2026-02-15T15:57:28 IST" duration-ms="0" status="PASS">
          <reporter-output>
          </reporter-output>
        </test-method> <!-- setUpSoftAssert -->
        <test-method signature="testGetUserAsObject(int)[pri:3, instance:com.api.automation.tests.jsonplaceholder.UserTests@4ce1d6d0]" started-at="2026-02-15T15:57:28 IST" name="testGetUserAsObject" description="Verify getting user as object" data-provider="userIds" finished-at="2026-02-15T15:57:29 IST" duration-ms="380" status="PASS">
          <params>
            <param index="0">
              <value>
                <![CDATA[5]]>
              </value>
            </param>
          </params>
          <reporter-output>
          </reporter-output>
        </test-method> <!-- testGetUserAsObject -->
        <test-method is-config="true" signature="setUpSoftAssert()[pri:0, instance:com.api.automation.tests.jsonplaceholder.UserTests@4ce1d6d0]" started-at="2026-02-15T15:57:29 IST" name="setUpSoftAssert" finished-at="2026-02-15T15:57:29 IST" duration-ms="0" status="PASS">
          <reporter-output>
          </reporter-output>
        </test-method> <!-- setUpSoftAssert -->
        <test-method signature="testGetUserAsObject(int)[pri:3, instance:com.api.automation.tests.jsonplaceholder.UserTests@4ce1d6d0]" started-at="2026-02-15T15:57:29 IST" name="testGetUserAsObject" description="Verify getting user as object" data-provider="userIds" finished-at="2026-02-15T15:57:29 IST" duration-ms="334" status="PASS">
          <params>
            <param index="0">
              <value>
                <![CDATA[10]]>
              </value>
            </param>
          </params>
          <reporter-output>
          </reporter-output>
        </test-method> <!-- testGetUserAsObject -->
        <test-method is-config="true" signature="setUpSoftAssert()[pri:0, instance:com.api.automation.tests.jsonplaceholder.UserTests@4ce1d6d0]" started-at="2026-02-15T15:57:29 IST" name="setUpSoftAssert" finished-at="2026-02-15T15:57:29 IST" duration-ms="0" status="PASS">
          <reporter-output>
          </reporter-output>
        </test-method> <!-- setUpSoftAssert -->
        <test-method signature="testCreateUser()[pri:4, instance:com.api.automation.tests.jsonplaceholder.UserTests@4ce1d6d0]" started-at="2026-02-15T15:57:29 IST" name="testCreateUser" description="Verify creating a new user" finished-at="2026-02-15T15:57:30 IST" duration-ms="611" status="PASS">
          <reporter-output>
          </reporter-output>
        </test-method> <!-- testCreateUser -->
        <test-method signature="testUpdateUser()[pri:5, instance:com.api.automation.tests.jsonplaceholder.UserTests@4ce1d6d0]" started-at="2026-02-15T15:57:30 IST" name="testUpdateUser" description="Verify updating a user" finished-at="2026-02-15T15:57:30 IST" duration-ms="514" status="PASS">
          <reporter-output>
          </reporter-output>
        </test-method> <!-- testUpdateUser -->
        <test-method is-config="true" signature="setUpSoftAssert()[pri:0, instance:com.api.automation.tests.jsonplaceholder.UserTests@4ce1d6d0]" started-at="2026-02-15T15:57:30 IST" name="setUpSoftAssert" finished-at="2026-02-15T15:57:30 IST" duration-ms="0" status="PASS">
          <reporter-output>
          </reporter-output>
        </test-method> <!-- setUpSoftAssert -->
        <test-method is-config="true" signature="setUpSoftAssert()[pri:0, instance:com.api.automation.tests.jsonplaceholder.UserTests@4ce1d6d0]" started-at="2026-02-15T15:57:30 IST" name="setUpSoftAssert" finished-at="2026-02-15T15:57:30 IST" duration-ms="0" status="PASS">
          <reporter-output>
          </reporter-output>
        </test-method> <!-- setUpSoftAssert -->
        <test-method signature="testPatchUser()[pri:6, instance:com.api.automation.tests.jsonplaceholder.UserTests@4ce1d6d0]" started-at="2026-02-15T15:57:30 IST" name="testPatchUser" description="Verify partially updating a user" finished-at="2026-02-15T15:57:31 IST" duration-ms="525" status="FAIL">
          <exception class="java.lang.AssertionError">
            <message>
              <![CDATA[1 expectation failed.
JSON path id doesn't match.
Expected: <1>
  Actual: null
]]>
            </message>
            <full-stacktrace>
              <![CDATA[java.lang.AssertionError: 1 expectation failed.
JSON path id doesn't match.
Expected: <1>
  Actual: null

at java.base/jdk.internal.reflect.DirectConstructorHandleAccessor.newInstance(DirectConstructorHandleAccessor.java:62)
at java.base/java.lang.reflect.Constructor.newInstanceWithCaller(Constructor.java:502)
at java.base/java.lang.reflect.Constructor.newInstance(Constructor.java:486)
at org.codehaus.groovy.reflection.CachedConstructor.invoke(CachedConstructor.java:73)
at org.codehaus.groovy.runtime.callsite.ConstructorSite$ConstructorSiteNoUnwrapNoCoerce.callConstructor(ConstructorSite.java:108)
at org.codehaus.groovy.runtime.callsite.CallSiteArray.defaultCallConstructor(CallSiteArray.java:57)
at org.codehaus.groovy.runtime.callsite.AbstractCallSite.callConstructor(AbstractCallSite.java:263)
at org.codehaus.groovy.runtime.callsite.AbstractCallSite.callConstructor(AbstractCallSite.java:277)
at io.restassured.internal.ResponseSpecificationImpl$HamcrestAssertionClosure.validate(ResponseSpecificationImpl.groovy:512)
at io.restassured.internal.ResponseSpecificationImpl$HamcrestAssertionClosure$validate$1.call(Unknown Source)
at io.restassured.internal.ResponseSpecificationImpl.validateResponseIfRequired(ResponseSpecificationImpl.groovy:696)
at io.restassured.internal.ResponseSpecificationImpl.this$2$validateResponseIfRequired(ResponseSpecificationImpl.groovy)
at java.base/jdk.internal.reflect.DirectMethodHandleAccessor.invoke(DirectMethodHandleAccessor.java:103)
at java.base/java.lang.reflect.Method.invoke(Method.java:580)
at org.codehaus.groovy.runtime.callsite.PlainObjectMetaMethodSite.doInvoke(PlainObjectMetaMethodSite.java:43)
at org.codehaus.groovy.runtime.callsite.PogoMetaMethodSite$PogoCachedMethodSiteNoUnwrapNoCoerce.invoke(PogoMetaMethodSite.java:198)
at org.codehaus.groovy.runtime.callsite.PogoMetaMethodSite.callCurrent(PogoMetaMethodSite.java:62)
at org.codehaus.groovy.runtime.callsite.AbstractCallSite.callCurrent(AbstractCallSite.java:185)
at io.restassured.internal.ResponseSpecificationImpl.body(ResponseSpecificationImpl.groovy:270)
at io.restassured.specification.ResponseSpecification$body$1.callCurrent(Unknown Source)
at io.restassured.internal.ResponseSpecificationImpl.body(ResponseSpecificationImpl.groovy:117)
at io.restassured.internal.ValidatableResponseOptionsImpl.body(ValidatableResponseOptionsImpl.java:244)
at com.api.automation.tests.jsonplaceholder.UserTests.testPatchUser(UserTests.java:178)
at java.base/jdk.internal.reflect.DirectMethodHandleAccessor.invoke(DirectMethodHandleAccessor.java:103)
at java.base/java.lang.reflect.Method.invoke(Method.java:580)
at org.testng.internal.invokers.MethodInvocationHelper.invokeMethod(MethodInvocationHelper.java:139)
at org.testng.internal.invokers.TestInvoker.invokeMethod(TestInvoker.java:664)
at org.testng.internal.invokers.TestInvoker.invokeTestMethod(TestInvoker.java:228)
at org.testng.internal.invokers.MethodRunner.runInSequence(MethodRunner.java:63)
at org.testng.internal.invokers.TestInvoker$MethodInvocationAgent.invoke(TestInvoker.java:961)
at org.testng.internal.invokers.TestInvoker.invokeTestMethods(TestInvoker.java:201)
at org.testng.internal.invokers.TestMethodWorker.invokeTestMethods(TestMethodWorker.java:148)
at org.testng.internal.invokers.TestMethodWorker.run(TestMethodWorker.java:128)
at java.base/java.util.ArrayList.forEach(ArrayList.java:1596)
at org.testng.TestRunner.privateRun(TestRunner.java:819)
at org.testng.TestRunner.run(TestRunner.java:619)
at org.testng.SuiteRunner.runTest(SuiteRunner.java:443)
at org.testng.SuiteRunner.runSequentially(SuiteRunner.java:437)
at org.testng.SuiteRunner.privateRun(SuiteRunner.java:397)
at org.testng.SuiteRunner.run(SuiteRunner.java:336)
at org.testng.SuiteRunnerWorker.runSuite(SuiteRunnerWorker.java:52)
at org.testng.SuiteRunnerWorker.run(SuiteRunnerWorker.java:95)
at org.testng.TestNG.runSuitesSequentially(TestNG.java:1301)
at org.testng.TestNG.runSuitesLocally(TestNG.java:1228)
at org.testng.TestNG.runSuites(TestNG.java:1134)
at org.testng.TestNG.run(TestNG.java:1101)
at org.apache.maven.surefire.testng.TestNGExecutor.run(TestNGExecutor.java:308)
at org.apache.maven.surefire.testng.TestNGXmlTestSuite.execute(TestNGXmlTestSuite.java:71)
at org.apache.maven.surefire.testng.TestNGProvider.invoke(TestNGProvider.java:113)
at org.apache.maven.surefire.booter.ForkedBooter.runSuitesInProcess(ForkedBooter.java:385)
at org.apache.maven.surefire.booter.ForkedBooter.execute(ForkedBooter.java:162)
at org.apache.maven.surefire.booter.ForkedBooter.run(ForkedBooter.java:507)
at org.apache.maven.surefire.booter.ForkedBooter.main(ForkedBooter.java:495)
]]>
            </full-stacktrace>
          </exception> <!-- java.lang.AssertionError -->
          <reporter-output>
          </reporter-output>
        </test-method> <!-- testPatchUser -->
        <test-method is-config="true" signature="setUpSoftAssert()[pri:0, instance:com.api.automation.tests.jsonplaceholder.UserTests@4ce1d6d0]" started-at="2026-02-15T15:57:31 IST" name="setUpSoftAssert" finished-at="2026-02-15T15:57:31 IST" duration-ms="0" status="PASS">
          <reporter-output>
          </reporter-output>
        </test-method> <!-- setUpSoftAssert -->
        <test-method signature="testDeleteUser()[pri:7, instance:com.api.automation.tests.jsonplaceholder.UserTests@4ce1d6d0]" started-at="2026-02-15T15:57:31 IST" name="testDeleteUser" description="Verify deleting a user" finished-at="2026-02-15T15:57:31 IST" duration-ms="571" status="PASS">
          <reporter-output>
          </reporter-output>
        </test-method> <!-- testDeleteUser -->
        <test-method is-config="true" signature="setUpSoftAssert()[pri:0, instance:com.api.automation.tests.jsonplaceholder.UserTests@4ce1d6d0]" started-at="2026-02-15T15:57:31 IST" name="setUpSoftAssert" finished-at="2026-02-15T15:57:31 IST" duration-ms="0" status="PASS">
          <reporter-output>
          </reporter-output>
        </test-method> <!-- setUpSoftAssert -->
        <test-method signature="testGetAllUsersAsArray()[pri:8, instance:com.api.automation.tests.jsonplaceholder.UserTests@4ce1d6d0]" started-at="2026-02-15T15:57:31 IST" name="testGetAllUsersAsArray" description="Verify getting all users as array" finished-at="2026-02-15T15:57:32 IST" duration-ms="322" status="PASS">
          <reporter-output>
          </reporter-output>
        </test-method> <!-- testGetAllUsersAsArray -->
        <test-method is-config="true" signature="tearDown()[pri:0, instance:com.api.automation.tests.jsonplaceholder.UserTests@4ce1d6d0]" started-at="2026-02-15T15:57:32 IST" name="tearDown" finished-at="2026-02-15T15:57:32 IST" duration-ms="1" status="PASS">
          <reporter-output>
          </reporter-output>
        </test-method> <!-- tearDown -->
      </class> <!-- com.api.automation.tests.jsonplaceholder.UserTests -->
    </test> <!-- User API Tests -->
    <test started-at="2026-02-15T15:57:32 IST" name="Post API Tests" finished-at="2026-02-15T15:57:41 IST" duration-ms="8894">
      <class name="com.api.automation.tests.jsonplaceholder.PostTests">
        <test-method is-config="true" signature="setUp()[pri:0, instance:com.api.automation.tests.jsonplaceholder.PostTests@4748a0f9]" started-at="2026-02-15T15:57:32 IST" name="setUp" finished-at="2026-02-15T15:57:32 IST" duration-ms="1" status="PASS">
          <reporter-output>
          </reporter-output>
        </test-method> <!-- setUp -->
        <test-method is-config="true" signature="setUpPostTests()[pri:0, instance:com.api.automation.tests.jsonplaceholder.PostTests@4748a0f9]" started-at="2026-02-15T15:57:32 IST" name="setUpPostTests" finished-at="2026-02-15T15:57:32 IST" duration-ms="1" status="PASS">
          <reporter-output>
          </reporter-output>
        </test-method> <!-- setUpPostTests -->
        <test-method is-config="true" signature="setUpSoftAssert()[pri:0, instance:com.api.automation.tests.jsonplaceholder.PostTests@4748a0f9]" started-at="2026-02-15T15:57:32 IST" name="setUpSoftAssert" finished-at="2026-02-15T15:57:32 IST" duration-ms="1" status="PASS">
          <reporter-output>
          </reporter-output>
        </test-method> <!-- setUpSoftAssert -->
        <test-method signature="testGetAllPosts()[pri:1, instance:com.api.automation.tests.jsonplaceholder.PostTests@4748a0f9]" started-at="2026-02-15T15:57:32 IST" name="testGetAllPosts" description="Verify getting all posts" finished-at="2026-02-15T15:57:32 IST" duration-ms="498" status="PASS">
          <reporter-output>
          </reporter-output>
        </test-method> <!-- testGetAllPosts -->
        <test-method signature="testGetPostById(int)[pri:2, instance:com.api.automation.tests.jsonplaceholder.PostTests@4748a0f9]" started-at="2026-02-15T15:57:32 IST" name="testGetPostById" description="Verify getting a specific post by ID" data-provider="postIds" finished-at="2026-02-15T15:57:33 IST" duration-ms="406" status="PASS">
          <params>
            <param index="0">
              <value>
                <![CDATA[1]]>
              </value>
            </param>
          </params>
          <reporter-output>
          </reporter-output>
        </test-method> <!-- testGetPostById -->
        <test-method is-config="true" signature="setUpSoftAssert()[pri:0, instance:com.api.automation.tests.jsonplaceholder.PostTests@4748a0f9]" started-at="2026-02-15T15:57:32 IST" name="setUpSoftAssert" finished-at="2026-02-15T15:57:32 IST" duration-ms="0" status="PASS">
          <reporter-output>
          </reporter-output>
        </test-method> <!-- setUpSoftAssert -->
        <test-method is-config="true" signature="setUpSoftAssert()[pri:0, instance:com.api.automation.tests.jsonplaceholder.PostTests@4748a0f9]" started-at="2026-02-15T15:57:33 IST" name="setUpSoftAssert" finished-at="2026-02-15T15:57:33 IST" duration-ms="1" status="PASS">
          <reporter-output>
          </reporter-output>
        </test-method> <!-- setUpSoftAssert -->
        <test-method signature="testGetPostById(int)[pri:2, instance:com.api.automation.tests.jsonplaceholder.PostTests@4748a0f9]" started-at="2026-02-15T15:57:33 IST" name="testGetPostById" description="Verify getting a specific post by ID" data-provider="postIds" finished-at="2026-02-15T15:57:33 IST" duration-ms="526" status="PASS">
          <params>
            <param index="0">
              <value>
                <![CDATA[2]]>
              </value>
            </param>
          </params>
          <reporter-output>
          </reporter-output>
        </test-method> <!-- testGetPostById -->
        <test-method signature="testGetPostById(int)[pri:2, instance:com.api.automation.tests.jsonplaceholder.PostTests@4748a0f9]" started-at="2026-02-15T15:57:33 IST" name="testGetPostById" description="Verify getting a specific post by ID" data-provider="postIds" finished-at="2026-02-15T15:57:34 IST" duration-ms="388" status="PASS">
          <params>
            <param index="0">
              <value>
                <![CDATA[5]]>
              </value>
            </param>
          </params>
          <reporter-output>
          </reporter-output>
        </test-method> <!-- testGetPostById -->
        <test-method is-config="true" signature="setUpSoftAssert()[pri:0, instance:com.api.automation.tests.jsonplaceholder.PostTests@4748a0f9]" started-at="2026-02-15T15:57:33 IST" name="setUpSoftAssert" finished-at="2026-02-15T15:57:33 IST" duration-ms="0" status="PASS">
          <reporter-output>
          </reporter-output>
        </test-method> <!-- setUpSoftAssert -->
        <test-method signature="testGetPostById(int)[pri:2, instance:com.api.automation.tests.jsonplaceholder.PostTests@4748a0f9]" started-at="2026-02-15T15:57:34 IST" name="testGetPostById" description="Verify getting a specific post by ID" data-provider="postIds" finished-at="2026-02-15T15:57:34 IST" duration-ms="289" status="PASS">
          <params>
            <param index="0">
              <value>
                <![CDATA[10]]>
              </value>
            </param>
          </params>
          <reporter-output>
          </reporter-output>
        </test-method> <!-- testGetPostById -->
        <test-method is-config="true" signature="setUpSoftAssert()[pri:0, instance:com.api.automation.tests.jsonplaceholder.PostTests@4748a0f9]" started-at="2026-02-15T15:57:34 IST" name="setUpSoftAssert" finished-at="2026-02-15T15:57:34 IST" duration-ms="0" status="PASS">
          <reporter-output>
          </reporter-output>
        </test-method> <!-- setUpSoftAssert -->
        <test-method is-config="true" signature="setUpSoftAssert()[pri:0, instance:com.api.automation.tests.jsonplaceholder.PostTests@4748a0f9]" started-at="2026-02-15T15:57:34 IST" name="setUpSoftAssert" finished-at="2026-02-15T15:57:34 IST" duration-ms="0" status="PASS">
          <reporter-output>
          </reporter-output>
        </test-method> <!-- setUpSoftAssert -->
        <test-method signature="testGetPostById(int)[pri:2, instance:com.api.automation.tests.jsonplaceholder.PostTests@4748a0f9]" started-at="2026-02-15T15:57:34 IST" name="testGetPostById" description="Verify getting a specific post by ID" data-provider="postIds" finished-at="2026-02-15T15:57:34 IST" duration-ms="415" status="PASS">
          <params>
            <param index="0">
              <value>
                <![CDATA[50]]>
              </value>
            </param>
          </params>
          <reporter-output>
          </reporter-output>
        </test-method> <!-- testGetPostById -->
        <test-method is-config="true" signature="setUpSoftAssert()[pri:0, instance:com.api.automation.tests.jsonplaceholder.PostTests@4748a0f9]" started-at="2026-02-15T15:57:34 IST" name="setUpSoftAssert" finished-at="2026-02-15T15:57:34 IST" duration-ms="0" status="PASS">
          <reporter-output>
          </reporter-output>
        </test-method> <!-- setUpSoftAssert -->
        <test-method signature="testGetPostAsObject(int)[pri:3, instance:com.api.automation.tests.jsonplaceholder.PostTests@4748a0f9]" started-at="2026-02-15T15:57:34 IST" name="testGetPostAsObject" description="Verify getting post as object" data-provider="postIds" finished-at="2026-02-15T15:57:35 IST" duration-ms="288" status="PASS">
          <params>
            <param index="0">
              <value>
                <![CDATA[1]]>
              </value>
            </param>
          </params>
          <reporter-output>
          </reporter-output>
        </test-method> <!-- testGetPostAsObject -->
        <test-method is-config="true" signature="setUpSoftAssert()[pri:0, instance:com.api.automation.tests.jsonplaceholder.PostTests@4748a0f9]" started-at="2026-02-15T15:57:35 IST" name="setUpSoftAssert" finished-at="2026-02-15T15:57:35 IST" duration-ms="0" status="PASS">
          <reporter-output>
          </reporter-output>
        </test-method> <!-- setUpSoftAssert -->
        <test-method signature="testGetPostAsObject(int)[pri:3, instance:com.api.automation.tests.jsonplaceholder.PostTests@4748a0f9]" started-at="2026-02-15T15:57:35 IST" name="testGetPostAsObject" description="Verify getting post as object" data-provider="postIds" finished-at="2026-02-15T15:57:35 IST" duration-ms="315" status="PASS">
          <params>
            <param index="0">
              <value>
                <![CDATA[2]]>
              </value>
            </param>
          </params>
          <reporter-output>
          </reporter-output>
        </test-method> <!-- testGetPostAsObject -->
        <test-method is-config="true" signature="setUpSoftAssert()[pri:0, instance:com.api.automation.tests.jsonplaceholder.PostTests@4748a0f9]" started-at="2026-02-15T15:57:35 IST" name="setUpSoftAssert" finished-at="2026-02-15T15:57:35 IST" duration-ms="0" status="PASS">
          <reporter-output>
          </reporter-output>
        </test-method> <!-- setUpSoftAssert -->
        <test-method signature="testGetPostAsObject(int)[pri:3, instance:com.api.automation.tests.jsonplaceholder.PostTests@4748a0f9]" started-at="2026-02-15T15:57:35 IST" name="testGetPostAsObject" description="Verify getting post as object" data-provider="postIds" finished-at="2026-02-15T15:57:35 IST" duration-ms="438" status="PASS">
          <params>
            <param index="0">
              <value>
                <![CDATA[5]]>
              </value>
            </param>
          </params>
          <reporter-output>
          </reporter-output>
        </test-method> <!-- testGetPostAsObject -->
        <test-method is-config="true" signature="setUpSoftAssert()[pri:0, instance:com.api.automation.tests.jsonplaceholder.PostTests@4748a0f9]" started-at="2026-02-15T15:57:35 IST" name="setUpSoftAssert" finished-at="2026-02-15T15:57:35 IST" duration-ms="0" status="PASS">
          <reporter-output>
          </reporter-output>
        </test-method> <!-- setUpSoftAssert -->
        <test-method signature="testGetPostAsObject(int)[pri:3, instance:com.api.automation.tests.jsonplaceholder.PostTests@4748a0f9]" started-at="2026-02-15T15:57:35 IST" name="testGetPostAsObject" description="Verify getting post as object" data-provider="postIds" finished-at="2026-02-15T15:57:36 IST" duration-ms="298" status="PASS">
          <params>
            <param index="0">
              <value>
                <![CDATA[10]]>
              </value>
            </param>
          </params>
          <reporter-output>
          </reporter-output>
        </test-method> <!-- testGetPostAsObject -->
        <test-method is-config="true" signature="setUpSoftAssert()[pri:0, instance:com.api.automation.tests.jsonplaceholder.PostTests@4748a0f9]" started-at="2026-02-15T15:57:36 IST" name="setUpSoftAssert" finished-at="2026-02-15T15:57:36 IST" duration-ms="0" status="PASS">
          <reporter-output>
          </reporter-output>
        </test-method> <!-- setUpSoftAssert -->
        <test-method signature="testGetPostAsObject(int)[pri:3, instance:com.api.automation.tests.jsonplaceholder.PostTests@4748a0f9]" started-at="2026-02-15T15:57:36 IST" name="testGetPostAsObject" description="Verify getting post as object" data-provider="postIds" finished-at="2026-02-15T15:57:36 IST" duration-ms="279" status="PASS">
          <params>
            <param index="0">
              <value>
                <![CDATA[50]]>
              </value>
            </param>
          </params>
          <reporter-output>
          </reporter-output>
        </test-method> <!-- testGetPostAsObject -->
        <test-method is-config="true" signature="setUpSoftAssert()[pri:0, instance:com.api.automation.tests.jsonplaceholder.PostTests@4748a0f9]" started-at="2026-02-15T15:57:36 IST" name="setUpSoftAssert" finished-at="2026-02-15T15:57:36 IST" duration-ms="0" status="PASS">
          <reporter-output>
          </reporter-output>
        </test-method> <!-- setUpSoftAssert -->
        <test-method signature="testGetPostsByUserId(int)[pri:4, instance:com.api.automation.tests.jsonplaceholder.PostTests@4748a0f9]" started-at="2026-02-15T15:57:36 IST" name="testGetPostsByUserId" description="Verify getting posts by user ID" data-provider="userIds" finished-at="2026-02-15T15:57:36 IST" duration-ms="514" status="PASS">
          <params>
            <param index="0">
              <value>
                <![CDATA[1]]>
              </value>
            </param>
          </params>
          <reporter-output>
          </reporter-output>
        </test-method> <!-- testGetPostsByUserId -->
        <test-method is-config="true" signature="setUpSoftAssert()[pri:0, instance:com.api.automation.tests.jsonplaceholder.PostTests@4748a0f9]" started-at="2026-02-15T15:57:36 IST" name="setUpSoftAssert" finished-at="2026-02-15T15:57:36 IST" duration-ms="0" status="PASS">
          <reporter-output>
          </reporter-output>
        </test-method> <!-- setUpSoftAssert -->
        <test-method signature="testGetPostsByUserId(int)[pri:4, instance:com.api.automation.tests.jsonplaceholder.PostTests@4748a0f9]" started-at="2026-02-15T15:57:36 IST" name="testGetPostsByUserId" description="Verify getting posts by user ID" data-provider="userIds" finished-at="2026-02-15T15:57:37 IST" duration-ms="313" status="PASS">
          <params>
            <param index="0">
              <value>
                <![CDATA[2]]>
              </value>
            </param>
          </params>
          <reporter-output>
          </reporter-output>
        </test-method> <!-- testGetPostsByUserId -->
        <test-method is-config="true" signature="setUpSoftAssert()[pri:0, instance:com.api.automation.tests.jsonplaceholder.PostTests@4748a0f9]" started-at="2026-02-15T15:57:37 IST" name="setUpSoftAssert" finished-at="2026-02-15T15:57:37 IST" duration-ms="0" status="PASS">
          <reporter-output>
          </reporter-output>
        </test-method> <!-- setUpSoftAssert -->
        <test-method signature="testGetPostsByUserId(int)[pri:4, instance:com.api.automation.tests.jsonplaceholder.PostTests@4748a0f9]" started-at="2026-02-15T15:57:37 IST" name="testGetPostsByUserId" description="Verify getting posts by user ID" data-provider="userIds" finished-at="2026-02-15T15:57:37 IST" duration-ms="448" status="PASS">
          <params>
            <param index="0">
              <value>
                <![CDATA[3]]>
              </value>
            </param>
          </params>
          <reporter-output>
          </reporter-output>
        </test-method> <!-- testGetPostsByUserId -->
        <test-method is-config="true" signature="setUpSoftAssert()[pri:0, instance:com.api.automation.tests.jsonplaceholder.PostTests@4748a0f9]" started-at="2026-02-15T15:57:37 IST" name="setUpSoftAssert" finished-at="2026-02-15T15:57:37 IST" duration-ms="1" status="PASS">
          <reporter-output>
          </reporter-output>
        </test-method> <!-- setUpSoftAssert -->
        <test-method signature="testGetPostsByUserId(int)[pri:4, instance:com.api.automation.tests.jsonplaceholder.PostTests@4748a0f9]" started-at="2026-02-15T15:57:37 IST" name="testGetPostsByUserId" description="Verify getting posts by user ID" data-provider="userIds" finished-at="2026-02-15T15:57:38 IST" duration-ms="443" status="PASS">
          <params>
            <param index="0">
              <value>
                <![CDATA[5]]>
              </value>
            </param>
          </params>
          <reporter-output>
          </reporter-output>
        </test-method> <!-- testGetPostsByUserId -->
        <test-method is-config="true" signature="setUpSoftAssert()[pri:0, instance:com.api.automation.tests.jsonplaceholder.PostTests@4748a0f9]" started-at="2026-02-15T15:57:38 IST" name="setUpSoftAssert" finished-at="2026-02-15T15:57:38 IST" duration-ms="0" status="PASS">
          <reporter-output>
          </reporter-output>
        </test-method> <!-- setUpSoftAssert -->
        <test-method signature="testGetPostsByUserId(int)[pri:4, instance:com.api.automation.tests.jsonplaceholder.PostTests@4748a0f9]" started-at="2026-02-15T15:57:38 IST" name="testGetPostsByUserId" description="Verify getting posts by user ID" data-provider="userIds" finished-at="2026-02-15T15:57:38 IST" duration-ms="358" status="PASS">
          <params>
            <param index="0">
              <value>
                <![CDATA[10]]>
              </value>
            </param>
          </params>
          <reporter-output>
          </reporter-output>
        </test-method> <!-- testGetPostsByUserId -->
        <test-method is-config="true" signature="setUpSoftAssert()[pri:0, instance:com.api.automation.tests.jsonplaceholder.PostTests@4748a0f9]" started-at="2026-02-15T15:57:38 IST" name="setUpSoftAssert" finished-at="2026-02-15T15:57:38 IST" duration-ms="0" status="PASS">
          <reporter-output>
          </reporter-output>
        </test-method> <!-- setUpSoftAssert -->
        <test-method signature="testCreatePost()[pri:5, instance:com.api.automation.tests.jsonplaceholder.PostTests@4748a0f9]" started-at="2026-02-15T15:57:38 IST" name="testCreatePost" description="Verify creating a new post" finished-at="2026-02-15T15:57:39 IST" duration-ms="601" status="PASS">
          <reporter-output>
          </reporter-output>
        </test-method> <!-- testCreatePost -->
        <test-method is-config="true" signature="setUpSoftAssert()[pri:0, instance:com.api.automation.tests.jsonplaceholder.PostTests@4748a0f9]" started-at="2026-02-15T15:57:39 IST" name="setUpSoftAssert" finished-at="2026-02-15T15:57:39 IST" duration-ms="0" status="PASS">
          <reporter-output>
          </reporter-output>
        </test-method> <!-- setUpSoftAssert -->
        <test-method signature="testUpdatePost()[pri:6, instance:com.api.automation.tests.jsonplaceholder.PostTests@4748a0f9]" started-at="2026-02-15T15:57:39 IST" name="testUpdatePost" description="Verify updating a post" finished-at="2026-02-15T15:57:39 IST" duration-ms="588" status="PASS">
          <reporter-output>
          </reporter-output>
        </test-method> <!-- testUpdatePost -->
        <test-method signature="testPatchPost()[pri:7, instance:com.api.automation.tests.jsonplaceholder.PostTests@4748a0f9]" started-at="2026-02-15T15:57:39 IST" name="testPatchPost" description="Verify partially updating a post" finished-at="2026-02-15T15:57:40 IST" duration-ms="533" status="FAIL">
          <exception class="java.lang.AssertionError">
            <message>
              <![CDATA[1 expectation failed.
JSON path id doesn't match.
Expected: <1>
  Actual: null
]]>
            </message>
            <full-stacktrace>
              <![CDATA[java.lang.AssertionError: 1 expectation failed.
JSON path id doesn't match.
Expected: <1>
  Actual: null

at java.base/jdk.internal.reflect.DirectConstructorHandleAccessor.newInstance(DirectConstructorHandleAccessor.java:62)
at java.base/java.lang.reflect.Constructor.newInstanceWithCaller(Constructor.java:502)
at java.base/java.lang.reflect.Constructor.newInstance(Constructor.java:486)
at org.codehaus.groovy.reflection.CachedConstructor.invoke(CachedConstructor.java:73)
at org.codehaus.groovy.runtime.callsite.ConstructorSite$ConstructorSiteNoUnwrapNoCoerce.callConstructor(ConstructorSite.java:108)
at org.codehaus.groovy.runtime.callsite.AbstractCallSite.callConstructor(AbstractCallSite.java:277)
at io.restassured.internal.ResponseSpecificationImpl$HamcrestAssertionClosure.validate(ResponseSpecificationImpl.groovy:512)
at io.restassured.internal.ResponseSpecificationImpl$HamcrestAssertionClosure$validate$1.call(Unknown Source)
at io.restassured.internal.ResponseSpecificationImpl.validateResponseIfRequired(ResponseSpecificationImpl.groovy:696)
at io.restassured.internal.ResponseSpecificationImpl.this$2$validateResponseIfRequired(ResponseSpecificationImpl.groovy)
at java.base/jdk.internal.reflect.DirectMethodHandleAccessor.invoke(DirectMethodHandleAccessor.java:103)
at java.base/java.lang.reflect.Method.invoke(Method.java:580)
at org.codehaus.groovy.runtime.callsite.PlainObjectMetaMethodSite.doInvoke(PlainObjectMetaMethodSite.java:43)
at org.codehaus.groovy.runtime.callsite.PogoMetaMethodSite$PogoCachedMethodSiteNoUnwrapNoCoerce.invoke(PogoMetaMethodSite.java:198)
at org.codehaus.groovy.runtime.callsite.PogoMetaMethodSite.callCurrent(PogoMetaMethodSite.java:62)
at org.codehaus.groovy.runtime.callsite.AbstractCallSite.callCurrent(AbstractCallSite.java:185)
at io.restassured.internal.ResponseSpecificationImpl.body(ResponseSpecificationImpl.groovy:270)
at io.restassured.specification.ResponseSpecification$body$1.callCurrent(Unknown Source)
at io.restassured.internal.ResponseSpecificationImpl.body(ResponseSpecificationImpl.groovy:117)
at io.restassured.internal.ValidatableResponseOptionsImpl.body(ValidatableResponseOptionsImpl.java:244)
at com.api.automation.tests.jsonplaceholder.PostTests.testPatchPost(PostTests.java:195)
at java.base/jdk.internal.reflect.DirectMethodHandleAccessor.invoke(DirectMethodHandleAccessor.java:103)
at java.base/java.lang.reflect.Method.invoke(Method.java:580)
at org.testng.internal.invokers.MethodInvocationHelper.invokeMethod(MethodInvocationHelper.java:139)
at org.testng.internal.invokers.TestInvoker.invokeMethod(TestInvoker.java:664)
at org.testng.internal.invokers.TestInvoker.invokeTestMethod(TestInvoker.java:228)
at org.testng.internal.invokers.MethodRunner.runInSequence(MethodRunner.java:63)
at org.testng.internal.invokers.TestInvoker$MethodInvocationAgent.invoke(TestInvoker.java:961)
at org.testng.internal.invokers.TestInvoker.invokeTestMethods(TestInvoker.java:201)
at org.testng.internal.invokers.TestMethodWorker.invokeTestMethods(TestMethodWorker.java:148)
at org.testng.internal.invokers.TestMethodWorker.run(TestMethodWorker.java:128)
at java.base/java.util.ArrayList.forEach(ArrayList.java:1596)
at org.testng.TestRunner.privateRun(TestRunner.java:819)
at org.testng.TestRunner.run(TestRunner.java:619)
at org.testng.SuiteRunner.runTest(SuiteRunner.java:443)
at org.testng.SuiteRunner.runSequentially(SuiteRunner.java:437)
at org.testng.SuiteRunner.privateRun(SuiteRunner.java:397)
at org.testng.SuiteRunner.run(SuiteRunner.java:336)
at org.testng.SuiteRunnerWorker.runSuite(SuiteRunnerWorker.java:52)
at org.testng.SuiteRunnerWorker.run(SuiteRunnerWorker.java:95)
at org.testng.TestNG.runSuitesSequentially(TestNG.java:1301)
at org.testng.TestNG.runSuitesLocally(TestNG.java:1228)
at org.testng.TestNG.runSuites(TestNG.java:1134)
at org.testng.TestNG.run(TestNG.java:1101)
at org.apache.maven.surefire.testng.TestNGExecutor.run(TestNGExecutor.java:308)
at org.apache.maven.surefire.testng.TestNGXmlTestSuite.execute(TestNGXmlTestSuite.java:71)
at org.apache.maven.surefire.testng.TestNGProvider.invoke(TestNGProvider.java:113)
at org.apache.maven.surefire.booter.ForkedBooter.runSuitesInProcess(ForkedBooter.java:385)
at org.apache.maven.surefire.booter.ForkedBooter.execute(ForkedBooter.java:162)
at org.apache.maven.surefire.booter.ForkedBooter.run(ForkedBooter.java:507)
at org.apache.maven.surefire.booter.ForkedBooter.main(ForkedBooter.java:495)
]]>
            </full-stacktrace>
          </exception> <!-- java.lang.AssertionError -->
          <reporter-output>
          </reporter-output>
        </test-method> <!-- testPatchPost -->
        <test-method is-config="true" signature="setUpSoftAssert()[pri:0, instance:com.api.automation.tests.jsonplaceholder.PostTests@4748a0f9]" started-at="2026-02-15T15:57:39 IST" name="setUpSoftAssert" finished-at="2026-02-15T15:57:39 IST" duration-ms="0" status="PASS">
          <reporter-output>
          </reporter-output>
        </test-method> <!-- setUpSoftAssert -->
        <test-method signature="testDeletePost()[pri:8, instance:com.api.automation.tests.jsonplaceholder.PostTests@4748a0f9]" started-at="2026-02-15T15:57:40 IST" name="testDeletePost" description="Verify deleting a post" finished-at="2026-02-15T15:57:40 IST" duration-ms="593" status="PASS">
          <reporter-output>
          </reporter-output>
        </test-method> <!-- testDeletePost -->
        <test-method is-config="true" signature="setUpSoftAssert()[pri:0, instance:com.api.automation.tests.jsonplaceholder.PostTests@4748a0f9]" started-at="2026-02-15T15:57:40 IST" name="setUpSoftAssert" finished-at="2026-02-15T15:57:40 IST" duration-ms="0" status="PASS">
          <reporter-output>
          </reporter-output>
        </test-method> <!-- setUpSoftAssert -->
        <test-method is-config="true" signature="setUpSoftAssert()[pri:0, instance:com.api.automation.tests.jsonplaceholder.PostTests@4748a0f9]" started-at="2026-02-15T15:57:40 IST" name="setUpSoftAssert" finished-at="2026-02-15T15:57:40 IST" duration-ms="0" status="PASS">
          <reporter-output>
          </reporter-output>
        </test-method> <!-- setUpSoftAssert -->
        <test-method signature="testGetAllPostsAsArray()[pri:9, instance:com.api.automation.tests.jsonplaceholder.PostTests@4748a0f9]" started-at="2026-02-15T15:57:40 IST" name="testGetAllPostsAsArray" description="Verify getting all posts as array" finished-at="2026-02-15T15:57:41 IST" duration-ms="315" status="PASS">
          <reporter-output>
          </reporter-output>
        </test-method> <!-- testGetAllPostsAsArray -->
        <test-method is-config="true" signature="tearDown()[pri:0, instance:com.api.automation.tests.jsonplaceholder.PostTests@4748a0f9]" started-at="2026-02-15T15:57:41 IST" name="tearDown" finished-at="2026-02-15T15:57:41 IST" duration-ms="0" status="PASS">
          <reporter-output>
          </reporter-output>
        </test-method> <!-- tearDown -->
      </class> <!-- com.api.automation.tests.jsonplaceholder.PostTests -->
    </test> <!-- Post API Tests -->
    <test started-at="2026-02-15T15:57:41 IST" name="Object API GET Tests" finished-at="2026-02-15T15:57:41 IST" duration-ms="6">
    </test> <!-- Object API GET Tests -->
    <test started-at="2026-02-15T15:57:41 IST" name="Object API GET by IDs Tests" finished-at="2026-02-15T15:57:41 IST" duration-ms="6">
    </test> <!-- Object API GET by IDs Tests -->
    <test started-at="2026-02-15T15:57:41 IST" name="Object API GET All Objects Tests" finished-at="2026-02-15T15:57:41 IST" duration-ms="9">
    </test> <!-- Object API GET All Objects Tests -->
    <test started-at="2026-02-15T15:57:41 IST" name="Object API POST Tests" finished-at="2026-02-15T15:57:41 IST" duration-ms="3">
    </test> <!-- Object API POST Tests -->
    <test started-at="2026-02-15T15:57:41 IST" name="Object API PUT Tests" finished-at="2026-02-15T15:57:41 IST" duration-ms="4">
    </test> <!-- Object API PUT Tests -->
    <test started-at="2026-02-15T15:57:41 IST" name="Object API PATCH Tests" finished-at="2026-02-15T15:57:41 IST" duration-ms="6">
    </test> <!-- Object API PATCH Tests -->
    <test started-at="2026-02-15T15:57:41 IST" name="Object API DELETE Tests" finished-at="2026-02-15T15:57:41 IST" duration-ms="5">
    </test> <!-- Object API DELETE Tests -->
  </suite> <!-- REST API Test Suite -->
</testng-results>
